<?xml version="1.0" encoding="UTF-8"?>
<!-- Generated by org.testng.reporters.JUnitXMLReporter -->
<testsuite ignored="0" hostname="TWINSSTAR-DELL012024" failures="27" tests="31" name="Functional_Tests" time="71.942" errors="0" timestamp="2025-10-31T12:49:44 IST">
  <testcase classname="testScripts.Scale_Image_07" name="Image_Deduction" time="1.106">
    <failure type="org.openqa.selenium.StaleElementReferenceException" message="androidx.test.uiautomator.StaleObjectException
For documentation on this error, please visit: https://www.selenium.dev/documentation/webdriver/troubleshooting/errors#stale-element-reference-exception
Build info: version: &amp;apos;4.21.0&amp;apos;, revision: &amp;apos;79ed462ef4&amp;apos;
System info: os.name: &amp;apos;Windows 11&amp;apos;, os.arch: &amp;apos;amd64&amp;apos;, os.version: &amp;apos;10.0&amp;apos;, java.version: &amp;apos;21.0.8&amp;apos;
Driver info: io.appium.java_client.android.AndroidDriver
Command: [b012d70e-75d0-4ba8-8903-a4d0093ee473, clickElement {id=00000000-0000-18c4-ffff-ffff00000010}]
Capabilities {appium:appActivity: com.expandtesting.practice...., appium:appPackage: com.expandtesting.practice, appium:automationName: UiAutomator2, appium:databaseEnabled: false, appium:desired: {appActivity: com.expandtesting.practice...., appPackage: com.expandtesting.practice, automationName: UiAutomator2, deviceName: vivo 1915, platformName: ANDROID, platformVersion: 12.0, udid: YHB6TOS4Q8W8PF9X}, appium:deviceApiLevel: 31, appium:deviceManufacturer: vivo, appium:deviceModel: vivo 1915, appium:deviceName: YHB6TOS4Q8W8PF9X, appium:deviceScreenDensity: 480, appium:deviceScreenSize: 1080x2340, appium:deviceUDID: YHB6TOS4Q8W8PF9X, appium:javascriptEnabled: true, appium:locationContextEnabled: false, appium:networkConnectionEnabled: true, appium:pixelRatio: 3, appium:platformVersion: 12, appium:statBarHeight: 84, appium:takesScreenshot: true, appium:udid: YHB6TOS4Q8W8PF9X, appium:viewportRect: {height: 2256, left: 0, top: 84, width: 1080}, appium:warnings: {}, appium:webStorageEnabled: false, platformName: ANDROID}
Element: [[AndroidDriver:  on ANDROID (b012d70e-75d0-4ba8-8903-a4d0093ee473)] -&amp;gt; id: com.expandtesting.practice:id/btn_scale_image]
Session ID: b012d70e-75d0-4ba8-8903-a4d0093ee473">
      <![CDATA[org.openqa.selenium.StaleElementReferenceException: androidx.test.uiautomator.StaleObjectException
For documentation on this error, please visit: https://www.selenium.dev/documentation/webdriver/troubleshooting/errors#stale-element-reference-exception
Build info: version: '4.21.0', revision: '79ed462ef4'
System info: os.name: 'Windows 11', os.arch: 'amd64', os.version: '10.0', java.version: '21.0.8'
Driver info: io.appium.java_client.android.AndroidDriver
Command: [b012d70e-75d0-4ba8-8903-a4d0093ee473, clickElement {id=00000000-0000-18c4-ffff-ffff00000010}]
Capabilities {appium:appActivity: com.expandtesting.practice...., appium:appPackage: com.expandtesting.practice, appium:automationName: UiAutomator2, appium:databaseEnabled: false, appium:desired: {appActivity: com.expandtesting.practice...., appPackage: com.expandtesting.practice, automationName: UiAutomator2, deviceName: vivo 1915, platformName: ANDROID, platformVersion: 12.0, udid: YHB6TOS4Q8W8PF9X}, appium:deviceApiLevel: 31, appium:deviceManufacturer: vivo, appium:deviceModel: vivo 1915, appium:deviceName: YHB6TOS4Q8W8PF9X, appium:deviceScreenDensity: 480, appium:deviceScreenSize: 1080x2340, appium:deviceUDID: YHB6TOS4Q8W8PF9X, appium:javascriptEnabled: true, appium:locationContextEnabled: false, appium:networkConnectionEnabled: true, appium:pixelRatio: 3, appium:platformVersion: 12, appium:statBarHeight: 84, appium:takesScreenshot: true, appium:udid: YHB6TOS4Q8W8PF9X, appium:viewportRect: {height: 2256, left: 0, top: 84, width: 1080}, appium:warnings: {}, appium:webStorageEnabled: false, platformName: ANDROID}
Element: [[AndroidDriver:  on ANDROID (b012d70e-75d0-4ba8-8903-a4d0093ee473)] -> id: com.expandtesting.practice:id/btn_scale_image]
Session ID: b012d70e-75d0-4ba8-8903-a4d0093ee473
at java.base/jdk.internal.reflect.DirectConstructorHandleAccessor.newInstance(DirectConstructorHandleAccessor.java:62)
at java.base/java.lang.reflect.Constructor.newInstanceWithCaller(Constructor.java:502)
at java.base/java.lang.reflect.Constructor.newInstance(Constructor.java:486)
at org.openqa.selenium.remote.ErrorCodec.decode(ErrorCodec.java:167)
at org.openqa.selenium.remote.codec.w3c.W3CHttpResponseCodec.decode(W3CHttpResponseCodec.java:138)
at org.openqa.selenium.remote.codec.w3c.W3CHttpResponseCodec.decode(W3CHttpResponseCodec.java:50)
at org.openqa.selenium.remote.HttpCommandExecutor.execute(HttpCommandExecutor.java:190)
at io.appium.java_client.remote.AppiumCommandExecutor.execute(AppiumCommandExecutor.java:237)
at org.openqa.selenium.remote.RemoteWebDriver.execute(RemoteWebDriver.java:518)
at org.openqa.selenium.remote.RemoteWebElement.execute(RemoteWebElement.java:223)
at org.openqa.selenium.remote.RemoteWebElement.click(RemoteWebElement.java:76)
at base_Backage.BaseClass.click(BaseClass.java:59)
at testScripts.Scale_Image_07.Image_Deduction(Scale_Image_07.java:16)
at java.base/jdk.internal.reflect.DirectMethodHandleAccessor.invoke(DirectMethodHandleAccessor.java:103)
at java.base/java.lang.reflect.Method.invoke(Method.java:580)
at org.testng.internal.invokers.MethodInvocationHelper.invokeMethod(MethodInvocationHelper.java:141)
at org.testng.internal.invokers.TestInvoker.invokeMethod(TestInvoker.java:686)
at org.testng.internal.invokers.TestInvoker.invokeTestMethod(TestInvoker.java:230)
at org.testng.internal.invokers.MethodRunner.runInSequence(MethodRunner.java:63)
at org.testng.internal.invokers.TestInvoker$MethodInvocationAgent.invoke(TestInvoker.java:992)
at org.testng.internal.invokers.TestInvoker.invokeTestMethods(TestInvoker.java:203)
at org.testng.internal.invokers.TestMethodWorker.invokeTestMethods(TestMethodWorker.java:154)
at org.testng.internal.invokers.TestMethodWorker.run(TestMethodWorker.java:134)
at java.base/java.util.concurrent.Executors$RunnableAdapter.call(Executors.java:572)
at java.base/java.util.concurrent.FutureTask.run(FutureTask.java:317)
at org.testng.internal.thread.graph.TestNGFutureTask.run(TestNGFutureTask.java:22)
at java.base/java.util.concurrent.ThreadPoolExecutor.runWorker(ThreadPoolExecutor.java:1144)
at java.base/java.util.concurrent.ThreadPoolExecutor$Worker.run(ThreadPoolExecutor.java:642)
at java.base/java.lang.Thread.run(Thread.java:1583)
]]>
    </failure>
  </testcase> <!-- Image_Deduction -->
  <testcase classname="testScripts.Countries_List_04" name="getCountriesList" time="1.148">
    <failure type="org.openqa.selenium.StaleElementReferenceException" message="The element &amp;apos;By.id: com.expandtesting.practice:id/btn_countries&amp;apos; does not exist in DOM anymore
For documentation on this error, please visit: https://www.selenium.dev/documentation/webdriver/troubleshooting/errors#stale-element-reference-exception
Build info: version: &amp;apos;4.21.0&amp;apos;, revision: &amp;apos;79ed462ef4&amp;apos;
System info: os.name: &amp;apos;Windows 11&amp;apos;, os.arch: &amp;apos;amd64&amp;apos;, os.version: &amp;apos;10.0&amp;apos;, java.version: &amp;apos;21.0.8&amp;apos;
Driver info: io.appium.java_client.android.AndroidDriver
Command: [b012d70e-75d0-4ba8-8903-a4d0093ee473, clickElement {id=00000000-0000-18c4-ffff-ffff0000000b}]
Capabilities {appium:appActivity: com.expandtesting.practice...., appium:appPackage: com.expandtesting.practice, appium:automationName: UiAutomator2, appium:databaseEnabled: false, appium:desired: {appActivity: com.expandtesting.practice...., appPackage: com.expandtesting.practice, automationName: UiAutomator2, deviceName: vivo 1915, platformName: ANDROID, platformVersion: 12.0, udid: YHB6TOS4Q8W8PF9X}, appium:deviceApiLevel: 31, appium:deviceManufacturer: vivo, appium:deviceModel: vivo 1915, appium:deviceName: YHB6TOS4Q8W8PF9X, appium:deviceScreenDensity: 480, appium:deviceScreenSize: 1080x2340, appium:deviceUDID: YHB6TOS4Q8W8PF9X, appium:javascriptEnabled: true, appium:locationContextEnabled: false, appium:networkConnectionEnabled: true, appium:pixelRatio: 3, appium:platformVersion: 12, appium:statBarHeight: 84, appium:takesScreenshot: true, appium:udid: YHB6TOS4Q8W8PF9X, appium:viewportRect: {height: 2256, left: 0, top: 84, width: 1080}, appium:warnings: {}, appium:webStorageEnabled: false, platformName: ANDROID}
Element: [[AndroidDriver:  on ANDROID (b012d70e-75d0-4ba8-8903-a4d0093ee473)] -&amp;gt; id: com.expandtesting.practice:id/btn_countries]
Session ID: b012d70e-75d0-4ba8-8903-a4d0093ee473">
      <![CDATA[org.openqa.selenium.StaleElementReferenceException: The element 'By.id: com.expandtesting.practice:id/btn_countries' does not exist in DOM anymore
For documentation on this error, please visit: https://www.selenium.dev/documentation/webdriver/troubleshooting/errors#stale-element-reference-exception
Build info: version: '4.21.0', revision: '79ed462ef4'
System info: os.name: 'Windows 11', os.arch: 'amd64', os.version: '10.0', java.version: '21.0.8'
Driver info: io.appium.java_client.android.AndroidDriver
Command: [b012d70e-75d0-4ba8-8903-a4d0093ee473, clickElement {id=00000000-0000-18c4-ffff-ffff0000000b}]
Capabilities {appium:appActivity: com.expandtesting.practice...., appium:appPackage: com.expandtesting.practice, appium:automationName: UiAutomator2, appium:databaseEnabled: false, appium:desired: {appActivity: com.expandtesting.practice...., appPackage: com.expandtesting.practice, automationName: UiAutomator2, deviceName: vivo 1915, platformName: ANDROID, platformVersion: 12.0, udid: YHB6TOS4Q8W8PF9X}, appium:deviceApiLevel: 31, appium:deviceManufacturer: vivo, appium:deviceModel: vivo 1915, appium:deviceName: YHB6TOS4Q8W8PF9X, appium:deviceScreenDensity: 480, appium:deviceScreenSize: 1080x2340, appium:deviceUDID: YHB6TOS4Q8W8PF9X, appium:javascriptEnabled: true, appium:locationContextEnabled: false, appium:networkConnectionEnabled: true, appium:pixelRatio: 3, appium:platformVersion: 12, appium:statBarHeight: 84, appium:takesScreenshot: true, appium:udid: YHB6TOS4Q8W8PF9X, appium:viewportRect: {height: 2256, left: 0, top: 84, width: 1080}, appium:warnings: {}, appium:webStorageEnabled: false, platformName: ANDROID}
Element: [[AndroidDriver:  on ANDROID (b012d70e-75d0-4ba8-8903-a4d0093ee473)] -> id: com.expandtesting.practice:id/btn_countries]
Session ID: b012d70e-75d0-4ba8-8903-a4d0093ee473
at java.base/jdk.internal.reflect.DirectConstructorHandleAccessor.newInstance(DirectConstructorHandleAccessor.java:62)
at java.base/java.lang.reflect.Constructor.newInstanceWithCaller(Constructor.java:502)
at java.base/java.lang.reflect.Constructor.newInstance(Constructor.java:486)
at org.openqa.selenium.remote.ErrorCodec.decode(ErrorCodec.java:167)
at org.openqa.selenium.remote.codec.w3c.W3CHttpResponseCodec.decode(W3CHttpResponseCodec.java:138)
at org.openqa.selenium.remote.codec.w3c.W3CHttpResponseCodec.decode(W3CHttpResponseCodec.java:50)
at org.openqa.selenium.remote.HttpCommandExecutor.execute(HttpCommandExecutor.java:190)
at io.appium.java_client.remote.AppiumCommandExecutor.execute(AppiumCommandExecutor.java:237)
at org.openqa.selenium.remote.RemoteWebDriver.execute(RemoteWebDriver.java:518)
at org.openqa.selenium.remote.RemoteWebElement.execute(RemoteWebElement.java:223)
at org.openqa.selenium.remote.RemoteWebElement.click(RemoteWebElement.java:76)
at base_Backage.BaseClass.click(BaseClass.java:59)
at testScripts.Countries_List_04.getCountriesList(Countries_List_04.java:29)
at java.base/jdk.internal.reflect.DirectMethodHandleAccessor.invoke(DirectMethodHandleAccessor.java:103)
at java.base/java.lang.reflect.Method.invoke(Method.java:580)
at org.testng.internal.invokers.MethodInvocationHelper.invokeMethod(MethodInvocationHelper.java:141)
at org.testng.internal.invokers.TestInvoker.invokeMethod(TestInvoker.java:686)
at org.testng.internal.invokers.TestInvoker.invokeTestMethod(TestInvoker.java:230)
at org.testng.internal.invokers.MethodRunner.runInSequence(MethodRunner.java:63)
at org.testng.internal.invokers.TestInvoker$MethodInvocationAgent.invoke(TestInvoker.java:992)
at org.testng.internal.invokers.TestInvoker.invokeTestMethods(TestInvoker.java:203)
at org.testng.internal.invokers.TestMethodWorker.invokeTestMethods(TestMethodWorker.java:154)
at org.testng.internal.invokers.TestMethodWorker.run(TestMethodWorker.java:134)
at java.base/java.util.concurrent.Executors$RunnableAdapter.call(Executors.java:572)
at java.base/java.util.concurrent.FutureTask.run(FutureTask.java:317)
at org.testng.internal.thread.graph.TestNGFutureTask.run(TestNGFutureTask.java:22)
at java.base/java.util.concurrent.ThreadPoolExecutor.runWorker(ThreadPoolExecutor.java:1144)
at java.base/java.util.concurrent.ThreadPoolExecutor$Worker.run(ThreadPoolExecutor.java:642)
at java.base/java.lang.Thread.run(Thread.java:1583)
]]>
    </failure>
  </testcase> <!-- getCountriesList -->
  <testcase classname="testScripts.Gesture_SDemo" name="Single_Tap" time="21.258">
    <failure type="org.openqa.selenium.NoSuchElementException" message="An element could not be located on the page using the given search parameters.
For documentation on this error, please visit: https://www.selenium.dev/documentation/webdriver/troubleshooting/errors#no-such-element-exception
Build info: version: &amp;apos;4.21.0&amp;apos;, revision: &amp;apos;79ed462ef4&amp;apos;
System info: os.name: &amp;apos;Windows 11&amp;apos;, os.arch: &amp;apos;amd64&amp;apos;, os.version: &amp;apos;10.0&amp;apos;, java.version: &amp;apos;21.0.8&amp;apos;
Driver info: io.appium.java_client.android.AndroidDriver
Command: [b012d70e-75d0-4ba8-8903-a4d0093ee473, findElement {using=id, value=com.expandtesting.practice:id/btn_gesture_demo}]
Capabilities {appium:appActivity: com.expandtesting.practice...., appium:appPackage: com.expandtesting.practice, appium:automationName: UiAutomator2, appium:databaseEnabled: false, appium:desired: {appActivity: com.expandtesting.practice...., appPackage: com.expandtesting.practice, automationName: UiAutomator2, deviceName: vivo 1915, platformName: ANDROID, platformVersion: 12.0, udid: YHB6TOS4Q8W8PF9X}, appium:deviceApiLevel: 31, appium:deviceManufacturer: vivo, appium:deviceModel: vivo 1915, appium:deviceName: YHB6TOS4Q8W8PF9X, appium:deviceScreenDensity: 480, appium:deviceScreenSize: 1080x2340, appium:deviceUDID: YHB6TOS4Q8W8PF9X, appium:javascriptEnabled: true, appium:locationContextEnabled: false, appium:networkConnectionEnabled: true, appium:pixelRatio: 3, appium:platformVersion: 12, appium:statBarHeight: 84, appium:takesScreenshot: true, appium:udid: YHB6TOS4Q8W8PF9X, appium:viewportRect: {height: 2256, left: 0, top: 84, width: 1080}, appium:warnings: {}, appium:webStorageEnabled: false, platformName: ANDROID}
Session ID: b012d70e-75d0-4ba8-8903-a4d0093ee473">
      <![CDATA[org.openqa.selenium.NoSuchElementException: An element could not be located on the page using the given search parameters.
For documentation on this error, please visit: https://www.selenium.dev/documentation/webdriver/troubleshooting/errors#no-such-element-exception
Build info: version: '4.21.0', revision: '79ed462ef4'
System info: os.name: 'Windows 11', os.arch: 'amd64', os.version: '10.0', java.version: '21.0.8'
Driver info: io.appium.java_client.android.AndroidDriver
Command: [b012d70e-75d0-4ba8-8903-a4d0093ee473, findElement {using=id, value=com.expandtesting.practice:id/btn_gesture_demo}]
Capabilities {appium:appActivity: com.expandtesting.practice...., appium:appPackage: com.expandtesting.practice, appium:automationName: UiAutomator2, appium:databaseEnabled: false, appium:desired: {appActivity: com.expandtesting.practice...., appPackage: com.expandtesting.practice, automationName: UiAutomator2, deviceName: vivo 1915, platformName: ANDROID, platformVersion: 12.0, udid: YHB6TOS4Q8W8PF9X}, appium:deviceApiLevel: 31, appium:deviceManufacturer: vivo, appium:deviceModel: vivo 1915, appium:deviceName: YHB6TOS4Q8W8PF9X, appium:deviceScreenDensity: 480, appium:deviceScreenSize: 1080x2340, appium:deviceUDID: YHB6TOS4Q8W8PF9X, appium:javascriptEnabled: true, appium:locationContextEnabled: false, appium:networkConnectionEnabled: true, appium:pixelRatio: 3, appium:platformVersion: 12, appium:statBarHeight: 84, appium:takesScreenshot: true, appium:udid: YHB6TOS4Q8W8PF9X, appium:viewportRect: {height: 2256, left: 0, top: 84, width: 1080}, appium:warnings: {}, appium:webStorageEnabled: false, platformName: ANDROID}
Session ID: b012d70e-75d0-4ba8-8903-a4d0093ee473
at java.base/jdk.internal.reflect.DirectConstructorHandleAccessor.newInstance(DirectConstructorHandleAccessor.java:62)
at java.base/java.lang.reflect.Constructor.newInstanceWithCaller(Constructor.java:502)
at java.base/java.lang.reflect.Constructor.newInstance(Constructor.java:486)
at org.openqa.selenium.remote.ErrorCodec.decode(ErrorCodec.java:167)
at org.openqa.selenium.remote.codec.w3c.W3CHttpResponseCodec.decode(W3CHttpResponseCodec.java:138)
at org.openqa.selenium.remote.codec.w3c.W3CHttpResponseCodec.decode(W3CHttpResponseCodec.java:50)
at org.openqa.selenium.remote.HttpCommandExecutor.execute(HttpCommandExecutor.java:190)
at io.appium.java_client.remote.AppiumCommandExecutor.execute(AppiumCommandExecutor.java:237)
at org.openqa.selenium.remote.RemoteWebDriver.execute(RemoteWebDriver.java:518)
at org.openqa.selenium.remote.ElementLocation$ElementFinder$2.findElement(ElementLocation.java:165)
at org.openqa.selenium.remote.ElementLocation.findElement(ElementLocation.java:59)
at org.openqa.selenium.remote.RemoteWebDriver.findElement(RemoteWebDriver.java:355)
at org.openqa.selenium.remote.RemoteWebDriver.findElement(RemoteWebDriver.java:349)
at testScripts.Gesture_SDemo.Single_Tap(Gesture_SDemo.java:25)
at java.base/jdk.internal.reflect.DirectMethodHandleAccessor.invoke(DirectMethodHandleAccessor.java:103)
at java.base/java.lang.reflect.Method.invoke(Method.java:580)
at org.testng.internal.invokers.MethodInvocationHelper.invokeMethod(MethodInvocationHelper.java:141)
at org.testng.internal.invokers.TestInvoker.invokeMethod(TestInvoker.java:686)
at org.testng.internal.invokers.TestInvoker.invokeTestMethod(TestInvoker.java:230)
at org.testng.internal.invokers.MethodRunner.runInSequence(MethodRunner.java:63)
at org.testng.internal.invokers.TestInvoker$MethodInvocationAgent.invoke(TestInvoker.java:992)
at org.testng.internal.invokers.TestInvoker.invokeTestMethods(TestInvoker.java:203)
at org.testng.internal.invokers.TestMethodWorker.invokeTestMethods(TestMethodWorker.java:154)
at org.testng.internal.invokers.TestMethodWorker.run(TestMethodWorker.java:134)
at java.base/java.util.concurrent.Executors$RunnableAdapter.call(Executors.java:572)
at java.base/java.util.concurrent.FutureTask.run(FutureTask.java:317)
at org.testng.internal.thread.graph.TestNGFutureTask.run(TestNGFutureTask.java:22)
at java.base/java.util.concurrent.ThreadPoolExecutor.runWorker(ThreadPoolExecutor.java:1144)
at java.base/java.util.concurrent.ThreadPoolExecutor$Worker.run(ThreadPoolExecutor.java:642)
at java.base/java.lang.Thread.run(Thread.java:1583)
]]>
    </failure>
  </testcase> <!-- Single_Tap -->
  <testcase classname="testScripts.ECHO_Message" name="echo_Message_btn" time="21.313">
    <failure type="org.openqa.selenium.StaleElementReferenceException" message="The element &amp;apos;By.id: com.expandtesting.practice:id/btn_echo_screen&amp;apos; does not exist in DOM anymore
For documentation on this error, please visit: https://www.selenium.dev/documentation/webdriver/troubleshooting/errors#stale-element-reference-exception
Build info: version: &amp;apos;4.21.0&amp;apos;, revision: &amp;apos;79ed462ef4&amp;apos;
System info: os.name: &amp;apos;Windows 11&amp;apos;, os.arch: &amp;apos;amd64&amp;apos;, os.version: &amp;apos;10.0&amp;apos;, java.version: &amp;apos;21.0.8&amp;apos;
Driver info: io.appium.java_client.android.AndroidDriver
Command: [b012d70e-75d0-4ba8-8903-a4d0093ee473, isElementEnabled {id=00000000-0000-18c4-ffff-ffff00000009}]
Capabilities {appium:appActivity: com.expandtesting.practice...., appium:appPackage: com.expandtesting.practice, appium:automationName: UiAutomator2, appium:databaseEnabled: false, appium:desired: {appActivity: com.expandtesting.practice...., appPackage: com.expandtesting.practice, automationName: UiAutomator2, deviceName: vivo 1915, platformName: ANDROID, platformVersion: 12.0, udid: YHB6TOS4Q8W8PF9X}, appium:deviceApiLevel: 31, appium:deviceManufacturer: vivo, appium:deviceModel: vivo 1915, appium:deviceName: YHB6TOS4Q8W8PF9X, appium:deviceScreenDensity: 480, appium:deviceScreenSize: 1080x2340, appium:deviceUDID: YHB6TOS4Q8W8PF9X, appium:javascriptEnabled: true, appium:locationContextEnabled: false, appium:networkConnectionEnabled: true, appium:pixelRatio: 3, appium:platformVersion: 12, appium:statBarHeight: 84, appium:takesScreenshot: true, appium:udid: YHB6TOS4Q8W8PF9X, appium:viewportRect: {height: 2256, left: 0, top: 84, width: 1080}, appium:warnings: {}, appium:webStorageEnabled: false, platformName: ANDROID}
Element: [[AndroidDriver:  on ANDROID (b012d70e-75d0-4ba8-8903-a4d0093ee473)] -&amp;gt; id: com.expandtesting.practice:id/btn_echo_screen]
Session ID: b012d70e-75d0-4ba8-8903-a4d0093ee473">
      <![CDATA[org.openqa.selenium.StaleElementReferenceException: The element 'By.id: com.expandtesting.practice:id/btn_echo_screen' does not exist in DOM anymore
For documentation on this error, please visit: https://www.selenium.dev/documentation/webdriver/troubleshooting/errors#stale-element-reference-exception
Build info: version: '4.21.0', revision: '79ed462ef4'
System info: os.name: 'Windows 11', os.arch: 'amd64', os.version: '10.0', java.version: '21.0.8'
Driver info: io.appium.java_client.android.AndroidDriver
Command: [b012d70e-75d0-4ba8-8903-a4d0093ee473, isElementEnabled {id=00000000-0000-18c4-ffff-ffff00000009}]
Capabilities {appium:appActivity: com.expandtesting.practice...., appium:appPackage: com.expandtesting.practice, appium:automationName: UiAutomator2, appium:databaseEnabled: false, appium:desired: {appActivity: com.expandtesting.practice...., appPackage: com.expandtesting.practice, automationName: UiAutomator2, deviceName: vivo 1915, platformName: ANDROID, platformVersion: 12.0, udid: YHB6TOS4Q8W8PF9X}, appium:deviceApiLevel: 31, appium:deviceManufacturer: vivo, appium:deviceModel: vivo 1915, appium:deviceName: YHB6TOS4Q8W8PF9X, appium:deviceScreenDensity: 480, appium:deviceScreenSize: 1080x2340, appium:deviceUDID: YHB6TOS4Q8W8PF9X, appium:javascriptEnabled: true, appium:locationContextEnabled: false, appium:networkConnectionEnabled: true, appium:pixelRatio: 3, appium:platformVersion: 12, appium:statBarHeight: 84, appium:takesScreenshot: true, appium:udid: YHB6TOS4Q8W8PF9X, appium:viewportRect: {height: 2256, left: 0, top: 84, width: 1080}, appium:warnings: {}, appium:webStorageEnabled: false, platformName: ANDROID}
Element: [[AndroidDriver:  on ANDROID (b012d70e-75d0-4ba8-8903-a4d0093ee473)] -> id: com.expandtesting.practice:id/btn_echo_screen]
Session ID: b012d70e-75d0-4ba8-8903-a4d0093ee473
at java.base/jdk.internal.reflect.DirectConstructorHandleAccessor.newInstance(DirectConstructorHandleAccessor.java:62)
at java.base/java.lang.reflect.Constructor.newInstanceWithCaller(Constructor.java:502)
at java.base/java.lang.reflect.Constructor.newInstance(Constructor.java:486)
at org.openqa.selenium.remote.ErrorCodec.decode(ErrorCodec.java:167)
at org.openqa.selenium.remote.codec.w3c.W3CHttpResponseCodec.decode(W3CHttpResponseCodec.java:138)
at org.openqa.selenium.remote.codec.w3c.W3CHttpResponseCodec.decode(W3CHttpResponseCodec.java:50)
at org.openqa.selenium.remote.HttpCommandExecutor.execute(HttpCommandExecutor.java:190)
at io.appium.java_client.remote.AppiumCommandExecutor.execute(AppiumCommandExecutor.java:237)
at org.openqa.selenium.remote.RemoteWebDriver.execute(RemoteWebDriver.java:518)
at org.openqa.selenium.remote.RemoteWebElement.execute(RemoteWebElement.java:223)
at org.openqa.selenium.remote.RemoteWebElement.isEnabled(RemoteWebElement.java:181)
at testScripts.ECHO_Message.echo_Message_btn(ECHO_Message.java:17)
at java.base/jdk.internal.reflect.DirectMethodHandleAccessor.invoke(DirectMethodHandleAccessor.java:103)
at java.base/java.lang.reflect.Method.invoke(Method.java:580)
at org.testng.internal.invokers.MethodInvocationHelper.invokeMethod(MethodInvocationHelper.java:141)
at org.testng.internal.invokers.TestInvoker.invokeMethod(TestInvoker.java:686)
at org.testng.internal.invokers.TestInvoker.invokeTestMethod(TestInvoker.java:230)
at org.testng.internal.invokers.MethodRunner.runInSequence(MethodRunner.java:63)
at org.testng.internal.invokers.TestInvoker$MethodInvocationAgent.invoke(TestInvoker.java:992)
at org.testng.internal.invokers.TestInvoker.invokeTestMethods(TestInvoker.java:203)
at org.testng.internal.invokers.TestMethodWorker.invokeTestMethods(TestMethodWorker.java:154)
at org.testng.internal.invokers.TestMethodWorker.run(TestMethodWorker.java:134)
at java.base/java.util.concurrent.Executors$RunnableAdapter.call(Executors.java:572)
at java.base/java.util.concurrent.FutureTask.run(FutureTask.java:317)
at org.testng.internal.thread.graph.TestNGFutureTask.run(TestNGFutureTask.java:22)
at java.base/java.util.concurrent.ThreadPoolExecutor.runWorker(ThreadPoolExecutor.java:1144)
at java.base/java.util.concurrent.ThreadPoolExecutor$Worker.run(ThreadPoolExecutor.java:642)
at java.base/java.lang.Thread.run(Thread.java:1583)
]]>
    </failure>
  </testcase> <!-- echo_Message_btn -->
  <testcase classname="testScripts.Scale_Image_07" name="CaptureImage" time="40.868">
    <failure type="org.openqa.selenium.NoSuchElementException" message="An element could not be located on the page using the given search parameters.
For documentation on this error, please visit: https://www.selenium.dev/documentation/webdriver/troubleshooting/errors#no-such-element-exception
Build info: version: &amp;apos;4.21.0&amp;apos;, revision: &amp;apos;79ed462ef4&amp;apos;
System info: os.name: &amp;apos;Windows 11&amp;apos;, os.arch: &amp;apos;amd64&amp;apos;, os.version: &amp;apos;10.0&amp;apos;, java.version: &amp;apos;21.0.8&amp;apos;
Driver info: io.appium.java_client.android.AndroidDriver
Command: [b012d70e-75d0-4ba8-8903-a4d0093ee473, findElement {using=id, value=com.expandtesting.practice:id/image}]
Capabilities {appium:appActivity: com.expandtesting.practice...., appium:appPackage: com.expandtesting.practice, appium:automationName: UiAutomator2, appium:databaseEnabled: false, appium:desired: {appActivity: com.expandtesting.practice...., appPackage: com.expandtesting.practice, automationName: UiAutomator2, deviceName: vivo 1915, platformName: ANDROID, platformVersion: 12.0, udid: YHB6TOS4Q8W8PF9X}, appium:deviceApiLevel: 31, appium:deviceManufacturer: vivo, appium:deviceModel: vivo 1915, appium:deviceName: YHB6TOS4Q8W8PF9X, appium:deviceScreenDensity: 480, appium:deviceScreenSize: 1080x2340, appium:deviceUDID: YHB6TOS4Q8W8PF9X, appium:javascriptEnabled: true, appium:locationContextEnabled: false, appium:networkConnectionEnabled: true, appium:pixelRatio: 3, appium:platformVersion: 12, appium:statBarHeight: 84, appium:takesScreenshot: true, appium:udid: YHB6TOS4Q8W8PF9X, appium:viewportRect: {height: 2256, left: 0, top: 84, width: 1080}, appium:warnings: {}, appium:webStorageEnabled: false, platformName: ANDROID}
Session ID: b012d70e-75d0-4ba8-8903-a4d0093ee473">
      <![CDATA[org.openqa.selenium.NoSuchElementException: An element could not be located on the page using the given search parameters.
For documentation on this error, please visit: https://www.selenium.dev/documentation/webdriver/troubleshooting/errors#no-such-element-exception
Build info: version: '4.21.0', revision: '79ed462ef4'
System info: os.name: 'Windows 11', os.arch: 'amd64', os.version: '10.0', java.version: '21.0.8'
Driver info: io.appium.java_client.android.AndroidDriver
Command: [b012d70e-75d0-4ba8-8903-a4d0093ee473, findElement {using=id, value=com.expandtesting.practice:id/image}]
Capabilities {appium:appActivity: com.expandtesting.practice...., appium:appPackage: com.expandtesting.practice, appium:automationName: UiAutomator2, appium:databaseEnabled: false, appium:desired: {appActivity: com.expandtesting.practice...., appPackage: com.expandtesting.practice, automationName: UiAutomator2, deviceName: vivo 1915, platformName: ANDROID, platformVersion: 12.0, udid: YHB6TOS4Q8W8PF9X}, appium:deviceApiLevel: 31, appium:deviceManufacturer: vivo, appium:deviceModel: vivo 1915, appium:deviceName: YHB6TOS4Q8W8PF9X, appium:deviceScreenDensity: 480, appium:deviceScreenSize: 1080x2340, appium:deviceUDID: YHB6TOS4Q8W8PF9X, appium:javascriptEnabled: true, appium:locationContextEnabled: false, appium:networkConnectionEnabled: true, appium:pixelRatio: 3, appium:platformVersion: 12, appium:statBarHeight: 84, appium:takesScreenshot: true, appium:udid: YHB6TOS4Q8W8PF9X, appium:viewportRect: {height: 2256, left: 0, top: 84, width: 1080}, appium:warnings: {}, appium:webStorageEnabled: false, platformName: ANDROID}
Session ID: b012d70e-75d0-4ba8-8903-a4d0093ee473
at java.base/jdk.internal.reflect.DirectConstructorHandleAccessor.newInstance(DirectConstructorHandleAccessor.java:62)
at java.base/java.lang.reflect.Constructor.newInstanceWithCaller(Constructor.java:502)
at java.base/java.lang.reflect.Constructor.newInstance(Constructor.java:486)
at org.openqa.selenium.remote.ErrorCodec.decode(ErrorCodec.java:167)
at org.openqa.selenium.remote.codec.w3c.W3CHttpResponseCodec.decode(W3CHttpResponseCodec.java:138)
at org.openqa.selenium.remote.codec.w3c.W3CHttpResponseCodec.decode(W3CHttpResponseCodec.java:50)
at org.openqa.selenium.remote.HttpCommandExecutor.execute(HttpCommandExecutor.java:190)
at io.appium.java_client.remote.AppiumCommandExecutor.execute(AppiumCommandExecutor.java:237)
at org.openqa.selenium.remote.RemoteWebDriver.execute(RemoteWebDriver.java:518)
at org.openqa.selenium.remote.ElementLocation$ElementFinder$2.findElement(ElementLocation.java:165)
at org.openqa.selenium.remote.ElementLocation.findElement(ElementLocation.java:59)
at org.openqa.selenium.remote.RemoteWebDriver.findElement(RemoteWebDriver.java:355)
at org.openqa.selenium.remote.RemoteWebDriver.findElement(RemoteWebDriver.java:349)
at testScripts.Scale_Image_07.CaptureImage(Scale_Image_07.java:32)
at java.base/jdk.internal.reflect.DirectMethodHandleAccessor.invoke(DirectMethodHandleAccessor.java:103)
at java.base/java.lang.reflect.Method.invoke(Method.java:580)
at org.testng.internal.invokers.MethodInvocationHelper.invokeMethod(MethodInvocationHelper.java:141)
at org.testng.internal.invokers.TestInvoker.invokeMethod(TestInvoker.java:686)
at org.testng.internal.invokers.TestInvoker.invokeTestMethod(TestInvoker.java:230)
at org.testng.internal.invokers.MethodRunner.runInSequence(MethodRunner.java:63)
at org.testng.internal.invokers.TestInvoker$MethodInvocationAgent.invoke(TestInvoker.java:992)
at org.testng.internal.invokers.TestInvoker.invokeTestMethods(TestInvoker.java:203)
at org.testng.internal.invokers.TestMethodWorker.invokeTestMethods(TestMethodWorker.java:154)
at org.testng.internal.invokers.TestMethodWorker.run(TestMethodWorker.java:134)
at java.base/java.util.concurrent.Executors$RunnableAdapter.call(Executors.java:572)
at java.base/java.util.concurrent.FutureTask.run(FutureTask.java:317)
at org.testng.internal.thread.graph.TestNGFutureTask.run(TestNGFutureTask.java:22)
at java.base/java.util.concurrent.ThreadPoolExecutor.runWorker(ThreadPoolExecutor.java:1144)
at java.base/java.util.concurrent.ThreadPoolExecutor$Worker.run(ThreadPoolExecutor.java:642)
at java.base/java.lang.Thread.run(Thread.java:1583)
]]>
    </failure>
  </testcase> <!-- CaptureImage -->
  <testcase classname="testScripts.Alert" name="handleNativeAlert" time="61.191"/>
  <testcase classname="testScripts.Gesture_SDemo" name="Double_Tap" time="50.162">
    <failure type="org.openqa.selenium.WebDriverException" message="Could not proxy command to the remote server. Original error: socket hang up
Build info: version: &amp;apos;4.21.0&amp;apos;, revision: &amp;apos;79ed462ef4&amp;apos;
System info: os.name: &amp;apos;Windows 11&amp;apos;, os.arch: &amp;apos;amd64&amp;apos;, os.version: &amp;apos;10.0&amp;apos;, java.version: &amp;apos;21.0.8&amp;apos;
Driver info: io.appium.java_client.android.AndroidDriver
Command: [b012d70e-75d0-4ba8-8903-a4d0093ee473, findElement {using=id, value=com.expandtesting.practice:id/btnDoubleTap}]
Capabilities {appium:appActivity: com.expandtesting.practice...., appium:appPackage: com.expandtesting.practice, appium:automationName: UiAutomator2, appium:databaseEnabled: false, appium:desired: {appActivity: com.expandtesting.practice...., appPackage: com.expandtesting.practice, automationName: UiAutomator2, deviceName: vivo 1915, platformName: ANDROID, platformVersion: 12.0, udid: YHB6TOS4Q8W8PF9X}, appium:deviceApiLevel: 31, appium:deviceManufacturer: vivo, appium:deviceModel: vivo 1915, appium:deviceName: YHB6TOS4Q8W8PF9X, appium:deviceScreenDensity: 480, appium:deviceScreenSize: 1080x2340, appium:deviceUDID: YHB6TOS4Q8W8PF9X, appium:javascriptEnabled: true, appium:locationContextEnabled: false, appium:networkConnectionEnabled: true, appium:pixelRatio: 3, appium:platformVersion: 12, appium:statBarHeight: 84, appium:takesScreenshot: true, appium:udid: YHB6TOS4Q8W8PF9X, appium:viewportRect: {height: 2256, left: 0, top: 84, width: 1080}, appium:warnings: {}, appium:webStorageEnabled: false, platformName: ANDROID}
Session ID: b012d70e-75d0-4ba8-8903-a4d0093ee473">
      <![CDATA[org.openqa.selenium.WebDriverException: Could not proxy command to the remote server. Original error: socket hang up
Build info: version: '4.21.0', revision: '79ed462ef4'
System info: os.name: 'Windows 11', os.arch: 'amd64', os.version: '10.0', java.version: '21.0.8'
Driver info: io.appium.java_client.android.AndroidDriver
Command: [b012d70e-75d0-4ba8-8903-a4d0093ee473, findElement {using=id, value=com.expandtesting.practice:id/btnDoubleTap}]
Capabilities {appium:appActivity: com.expandtesting.practice...., appium:appPackage: com.expandtesting.practice, appium:automationName: UiAutomator2, appium:databaseEnabled: false, appium:desired: {appActivity: com.expandtesting.practice...., appPackage: com.expandtesting.practice, automationName: UiAutomator2, deviceName: vivo 1915, platformName: ANDROID, platformVersion: 12.0, udid: YHB6TOS4Q8W8PF9X}, appium:deviceApiLevel: 31, appium:deviceManufacturer: vivo, appium:deviceModel: vivo 1915, appium:deviceName: YHB6TOS4Q8W8PF9X, appium:deviceScreenDensity: 480, appium:deviceScreenSize: 1080x2340, appium:deviceUDID: YHB6TOS4Q8W8PF9X, appium:javascriptEnabled: true, appium:locationContextEnabled: false, appium:networkConnectionEnabled: true, appium:pixelRatio: 3, appium:platformVersion: 12, appium:statBarHeight: 84, appium:takesScreenshot: true, appium:udid: YHB6TOS4Q8W8PF9X, appium:viewportRect: {height: 2256, left: 0, top: 84, width: 1080}, appium:warnings: {}, appium:webStorageEnabled: false, platformName: ANDROID}
Session ID: b012d70e-75d0-4ba8-8903-a4d0093ee473
at java.base/jdk.internal.reflect.DirectConstructorHandleAccessor.newInstance(DirectConstructorHandleAccessor.java:62)
at java.base/java.lang.reflect.Constructor.newInstanceWithCaller(Constructor.java:502)
at java.base/java.lang.reflect.Constructor.newInstance(Constructor.java:486)
at org.openqa.selenium.remote.ErrorCodec.decode(ErrorCodec.java:167)
at org.openqa.selenium.remote.codec.w3c.W3CHttpResponseCodec.decode(W3CHttpResponseCodec.java:138)
at org.openqa.selenium.remote.codec.w3c.W3CHttpResponseCodec.decode(W3CHttpResponseCodec.java:50)
at org.openqa.selenium.remote.HttpCommandExecutor.execute(HttpCommandExecutor.java:190)
at io.appium.java_client.remote.AppiumCommandExecutor.execute(AppiumCommandExecutor.java:237)
at org.openqa.selenium.remote.RemoteWebDriver.execute(RemoteWebDriver.java:518)
at org.openqa.selenium.remote.ElementLocation$ElementFinder$2.findElement(ElementLocation.java:165)
at org.openqa.selenium.remote.ElementLocation.findElement(ElementLocation.java:59)
at org.openqa.selenium.remote.RemoteWebDriver.findElement(RemoteWebDriver.java:355)
at org.openqa.selenium.remote.RemoteWebDriver.findElement(RemoteWebDriver.java:349)
at testScripts.Gesture_SDemo.Double_Tap(Gesture_SDemo.java:37)
at java.base/jdk.internal.reflect.DirectMethodHandleAccessor.invoke(DirectMethodHandleAccessor.java:103)
at java.base/java.lang.reflect.Method.invoke(Method.java:580)
at org.testng.internal.invokers.MethodInvocationHelper.invokeMethod(MethodInvocationHelper.java:141)
at org.testng.internal.invokers.TestInvoker.invokeMethod(TestInvoker.java:686)
at org.testng.internal.invokers.TestInvoker.invokeTestMethod(TestInvoker.java:230)
at org.testng.internal.invokers.MethodRunner.runInSequence(MethodRunner.java:63)
at org.testng.internal.invokers.TestInvoker$MethodInvocationAgent.invoke(TestInvoker.java:992)
at org.testng.internal.invokers.TestInvoker.invokeTestMethods(TestInvoker.java:203)
at org.testng.internal.invokers.TestMethodWorker.invokeTestMethods(TestMethodWorker.java:154)
at org.testng.internal.invokers.TestMethodWorker.run(TestMethodWorker.java:134)
at java.base/java.util.concurrent.Executors$RunnableAdapter.call(Executors.java:572)
at java.base/java.util.concurrent.FutureTask.run(FutureTask.java:317)
at org.testng.internal.thread.graph.TestNGFutureTask.run(TestNGFutureTask.java:22)
at java.base/java.util.concurrent.ThreadPoolExecutor.runWorker(ThreadPoolExecutor.java:1144)
at java.base/java.util.concurrent.ThreadPoolExecutor$Worker.run(ThreadPoolExecutor.java:642)
at java.base/java.lang.Thread.run(Thread.java:1583)
]]>
    </failure>
  </testcase> <!-- Double_Tap -->
  <testcase classname="testScripts.ECHO_Message" name="TestBoxValidation" time="50.125">
    <failure type="org.openqa.selenium.WebDriverException" message="Could not proxy command to the remote server. Original error: socket hang up
Build info: version: &amp;apos;4.21.0&amp;apos;, revision: &amp;apos;79ed462ef4&amp;apos;
System info: os.name: &amp;apos;Windows 11&amp;apos;, os.arch: &amp;apos;amd64&amp;apos;, os.version: &amp;apos;10.0&amp;apos;, java.version: &amp;apos;21.0.8&amp;apos;
Driver info: io.appium.java_client.android.AndroidDriver
Command: [b012d70e-75d0-4ba8-8903-a4d0093ee473, findElement {using=id, value=com.expandtesting.practice:id/et_user_name}]
Capabilities {appium:appActivity: com.expandtesting.practice...., appium:appPackage: com.expandtesting.practice, appium:automationName: UiAutomator2, appium:databaseEnabled: false, appium:desired: {appActivity: com.expandtesting.practice...., appPackage: com.expandtesting.practice, automationName: UiAutomator2, deviceName: vivo 1915, platformName: ANDROID, platformVersion: 12.0, udid: YHB6TOS4Q8W8PF9X}, appium:deviceApiLevel: 31, appium:deviceManufacturer: vivo, appium:deviceModel: vivo 1915, appium:deviceName: YHB6TOS4Q8W8PF9X, appium:deviceScreenDensity: 480, appium:deviceScreenSize: 1080x2340, appium:deviceUDID: YHB6TOS4Q8W8PF9X, appium:javascriptEnabled: true, appium:locationContextEnabled: false, appium:networkConnectionEnabled: true, appium:pixelRatio: 3, appium:platformVersion: 12, appium:statBarHeight: 84, appium:takesScreenshot: true, appium:udid: YHB6TOS4Q8W8PF9X, appium:viewportRect: {height: 2256, left: 0, top: 84, width: 1080}, appium:warnings: {}, appium:webStorageEnabled: false, platformName: ANDROID}
Session ID: b012d70e-75d0-4ba8-8903-a4d0093ee473">
      <![CDATA[org.openqa.selenium.WebDriverException: Could not proxy command to the remote server. Original error: socket hang up
Build info: version: '4.21.0', revision: '79ed462ef4'
System info: os.name: 'Windows 11', os.arch: 'amd64', os.version: '10.0', java.version: '21.0.8'
Driver info: io.appium.java_client.android.AndroidDriver
Command: [b012d70e-75d0-4ba8-8903-a4d0093ee473, findElement {using=id, value=com.expandtesting.practice:id/et_user_name}]
Capabilities {appium:appActivity: com.expandtesting.practice...., appium:appPackage: com.expandtesting.practice, appium:automationName: UiAutomator2, appium:databaseEnabled: false, appium:desired: {appActivity: com.expandtesting.practice...., appPackage: com.expandtesting.practice, automationName: UiAutomator2, deviceName: vivo 1915, platformName: ANDROID, platformVersion: 12.0, udid: YHB6TOS4Q8W8PF9X}, appium:deviceApiLevel: 31, appium:deviceManufacturer: vivo, appium:deviceModel: vivo 1915, appium:deviceName: YHB6TOS4Q8W8PF9X, appium:deviceScreenDensity: 480, appium:deviceScreenSize: 1080x2340, appium:deviceUDID: YHB6TOS4Q8W8PF9X, appium:javascriptEnabled: true, appium:locationContextEnabled: false, appium:networkConnectionEnabled: true, appium:pixelRatio: 3, appium:platformVersion: 12, appium:statBarHeight: 84, appium:takesScreenshot: true, appium:udid: YHB6TOS4Q8W8PF9X, appium:viewportRect: {height: 2256, left: 0, top: 84, width: 1080}, appium:warnings: {}, appium:webStorageEnabled: false, platformName: ANDROID}
Session ID: b012d70e-75d0-4ba8-8903-a4d0093ee473
at java.base/jdk.internal.reflect.DirectConstructorHandleAccessor.newInstance(DirectConstructorHandleAccessor.java:62)
at java.base/java.lang.reflect.Constructor.newInstanceWithCaller(Constructor.java:502)
at java.base/java.lang.reflect.Constructor.newInstance(Constructor.java:486)
at org.openqa.selenium.remote.ErrorCodec.decode(ErrorCodec.java:167)
at org.openqa.selenium.remote.codec.w3c.W3CHttpResponseCodec.decode(W3CHttpResponseCodec.java:138)
at org.openqa.selenium.remote.codec.w3c.W3CHttpResponseCodec.decode(W3CHttpResponseCodec.java:50)
at org.openqa.selenium.remote.HttpCommandExecutor.execute(HttpCommandExecutor.java:190)
at io.appium.java_client.remote.AppiumCommandExecutor.execute(AppiumCommandExecutor.java:237)
at org.openqa.selenium.remote.RemoteWebDriver.execute(RemoteWebDriver.java:518)
at org.openqa.selenium.remote.ElementLocation$ElementFinder$2.findElement(ElementLocation.java:165)
at org.openqa.selenium.remote.ElementLocation.findElement(ElementLocation.java:59)
at org.openqa.selenium.remote.RemoteWebDriver.findElement(RemoteWebDriver.java:355)
at org.openqa.selenium.remote.RemoteWebDriver.findElement(RemoteWebDriver.java:349)
at testScripts.ECHO_Message.TestBoxValidation(ECHO_Message.java:35)
at java.base/jdk.internal.reflect.DirectMethodHandleAccessor.invoke(DirectMethodHandleAccessor.java:103)
at java.base/java.lang.reflect.Method.invoke(Method.java:580)
at org.testng.internal.invokers.MethodInvocationHelper.invokeMethod(MethodInvocationHelper.java:141)
at org.testng.internal.invokers.TestInvoker.invokeMethod(TestInvoker.java:686)
at org.testng.internal.invokers.TestInvoker.invokeTestMethod(TestInvoker.java:230)
at org.testng.internal.invokers.MethodRunner.runInSequence(MethodRunner.java:63)
at org.testng.internal.invokers.TestInvoker$MethodInvocationAgent.invoke(TestInvoker.java:992)
at org.testng.internal.invokers.TestInvoker.invokeTestMethods(TestInvoker.java:203)
at org.testng.internal.invokers.TestMethodWorker.invokeTestMethods(TestMethodWorker.java:154)
at org.testng.internal.invokers.TestMethodWorker.run(TestMethodWorker.java:134)
at java.base/java.util.concurrent.Executors$RunnableAdapter.call(Executors.java:572)
at java.base/java.util.concurrent.FutureTask.run(FutureTask.java:317)
at org.testng.internal.thread.graph.TestNGFutureTask.run(TestNGFutureTask.java:22)
at java.base/java.util.concurrent.ThreadPoolExecutor.runWorker(ThreadPoolExecutor.java:1144)
at java.base/java.util.concurrent.ThreadPoolExecutor$Worker.run(ThreadPoolExecutor.java:642)
at java.base/java.lang.Thread.run(Thread.java:1583)
]]>
    </failure>
  </testcase> <!-- TestBoxValidation -->
  <testcase classname="testScripts.Language_03" name="RadioBtn" time="71.455">
    <failure type="org.openqa.selenium.WebDriverException" message="Could not proxy command to the remote server. Original error: socket hang up
Build info: version: &amp;apos;4.21.0&amp;apos;, revision: &amp;apos;79ed462ef4&amp;apos;
System info: os.name: &amp;apos;Windows 11&amp;apos;, os.arch: &amp;apos;amd64&amp;apos;, os.version: &amp;apos;10.0&amp;apos;, java.version: &amp;apos;21.0.8&amp;apos;
Driver info: io.appium.java_client.android.AndroidDriver
Command: [b012d70e-75d0-4ba8-8903-a4d0093ee473, isElementDisplayed {id=00000000-0000-18c5-ffff-ffff0000001f}]
Capabilities {appium:appActivity: com.expandtesting.practice...., appium:appPackage: com.expandtesting.practice, appium:automationName: UiAutomator2, appium:databaseEnabled: false, appium:desired: {appActivity: com.expandtesting.practice...., appPackage: com.expandtesting.practice, automationName: UiAutomator2, deviceName: vivo 1915, platformName: ANDROID, platformVersion: 12.0, udid: YHB6TOS4Q8W8PF9X}, appium:deviceApiLevel: 31, appium:deviceManufacturer: vivo, appium:deviceModel: vivo 1915, appium:deviceName: YHB6TOS4Q8W8PF9X, appium:deviceScreenDensity: 480, appium:deviceScreenSize: 1080x2340, appium:deviceUDID: YHB6TOS4Q8W8PF9X, appium:javascriptEnabled: true, appium:locationContextEnabled: false, appium:networkConnectionEnabled: true, appium:pixelRatio: 3, appium:platformVersion: 12, appium:statBarHeight: 84, appium:takesScreenshot: true, appium:udid: YHB6TOS4Q8W8PF9X, appium:viewportRect: {height: 2256, left: 0, top: 84, width: 1080}, appium:warnings: {}, appium:webStorageEnabled: false, platformName: ANDROID}
Element: [[AndroidDriver:  on ANDROID (b012d70e-75d0-4ba8-8903-a4d0093ee473)] -&amp;gt; xpath: //android.widget.TextView[contains(@text,&amp;apos;Select your Subject&amp;apos;)]]
Session ID: b012d70e-75d0-4ba8-8903-a4d0093ee473">
      <![CDATA[org.openqa.selenium.WebDriverException: Could not proxy command to the remote server. Original error: socket hang up
Build info: version: '4.21.0', revision: '79ed462ef4'
System info: os.name: 'Windows 11', os.arch: 'amd64', os.version: '10.0', java.version: '21.0.8'
Driver info: io.appium.java_client.android.AndroidDriver
Command: [b012d70e-75d0-4ba8-8903-a4d0093ee473, isElementDisplayed {id=00000000-0000-18c5-ffff-ffff0000001f}]
Capabilities {appium:appActivity: com.expandtesting.practice...., appium:appPackage: com.expandtesting.practice, appium:automationName: UiAutomator2, appium:databaseEnabled: false, appium:desired: {appActivity: com.expandtesting.practice...., appPackage: com.expandtesting.practice, automationName: UiAutomator2, deviceName: vivo 1915, platformName: ANDROID, platformVersion: 12.0, udid: YHB6TOS4Q8W8PF9X}, appium:deviceApiLevel: 31, appium:deviceManufacturer: vivo, appium:deviceModel: vivo 1915, appium:deviceName: YHB6TOS4Q8W8PF9X, appium:deviceScreenDensity: 480, appium:deviceScreenSize: 1080x2340, appium:deviceUDID: YHB6TOS4Q8W8PF9X, appium:javascriptEnabled: true, appium:locationContextEnabled: false, appium:networkConnectionEnabled: true, appium:pixelRatio: 3, appium:platformVersion: 12, appium:statBarHeight: 84, appium:takesScreenshot: true, appium:udid: YHB6TOS4Q8W8PF9X, appium:viewportRect: {height: 2256, left: 0, top: 84, width: 1080}, appium:warnings: {}, appium:webStorageEnabled: false, platformName: ANDROID}
Element: [[AndroidDriver:  on ANDROID (b012d70e-75d0-4ba8-8903-a4d0093ee473)] -> xpath: //android.widget.TextView[contains(@text,'Select your Subject')]]
Session ID: b012d70e-75d0-4ba8-8903-a4d0093ee473
at java.base/jdk.internal.reflect.DirectConstructorHandleAccessor.newInstance(DirectConstructorHandleAccessor.java:62)
at java.base/java.lang.reflect.Constructor.newInstanceWithCaller(Constructor.java:502)
at java.base/java.lang.reflect.Constructor.newInstance(Constructor.java:486)
at org.openqa.selenium.remote.ErrorCodec.decode(ErrorCodec.java:167)
at org.openqa.selenium.remote.codec.w3c.W3CHttpResponseCodec.decode(W3CHttpResponseCodec.java:138)
at org.openqa.selenium.remote.codec.w3c.W3CHttpResponseCodec.decode(W3CHttpResponseCodec.java:50)
at org.openqa.selenium.remote.HttpCommandExecutor.execute(HttpCommandExecutor.java:190)
at io.appium.java_client.remote.AppiumCommandExecutor.execute(AppiumCommandExecutor.java:237)
at org.openqa.selenium.remote.RemoteWebDriver.execute(RemoteWebDriver.java:518)
at org.openqa.selenium.remote.RemoteWebElement.execute(RemoteWebElement.java:223)
at org.openqa.selenium.remote.RemoteWebElement.isDisplayed(RemoteWebElement.java:282)
at org.openqa.selenium.support.ui.ExpectedConditions.elementIfVisible(ExpectedConditions.java:304)
at org.openqa.selenium.support.ui.ExpectedConditions$7.apply(ExpectedConditions.java:194)
at org.openqa.selenium.support.ui.ExpectedConditions$7.apply(ExpectedConditions.java:190)
at org.openqa.selenium.support.ui.FluentWait.until(FluentWait.java:203)
at testScripts.Language_03.RadioBtn(Language_03.java:27)
at java.base/jdk.internal.reflect.DirectMethodHandleAccessor.invoke(DirectMethodHandleAccessor.java:103)
at java.base/java.lang.reflect.Method.invoke(Method.java:580)
at org.testng.internal.invokers.MethodInvocationHelper.invokeMethod(MethodInvocationHelper.java:141)
at org.testng.internal.invokers.TestInvoker.invokeMethod(TestInvoker.java:686)
at org.testng.internal.invokers.TestInvoker.invokeTestMethod(TestInvoker.java:230)
at org.testng.internal.invokers.MethodRunner.runInSequence(MethodRunner.java:63)
at org.testng.internal.invokers.TestInvoker$MethodInvocationAgent.invoke(TestInvoker.java:992)
at org.testng.internal.invokers.TestInvoker.invokeTestMethods(TestInvoker.java:203)
at org.testng.internal.invokers.TestMethodWorker.invokeTestMethods(TestMethodWorker.java:154)
at org.testng.internal.invokers.TestMethodWorker.run(TestMethodWorker.java:134)
at java.base/java.util.concurrent.Executors$RunnableAdapter.call(Executors.java:572)
at java.base/java.util.concurrent.FutureTask.run(FutureTask.java:317)
at org.testng.internal.thread.graph.TestNGFutureTask.run(TestNGFutureTask.java:22)
at java.base/java.util.concurrent.ThreadPoolExecutor.runWorker(ThreadPoolExecutor.java:1144)
at java.base/java.util.concurrent.ThreadPoolExecutor$Worker.run(ThreadPoolExecutor.java:642)
at java.base/java.lang.Thread.run(Thread.java:1583)
]]>
    </failure>
  </testcase> <!-- RadioBtn -->
  <testcase classname="testScripts.Gesture_SDemo" name="Long_Tap" time="0.079">
    <failure type="org.openqa.selenium.WebDriverException" message="Could not proxy command to the remote server. Original error: socket hang up
Build info: version: &amp;apos;4.21.0&amp;apos;, revision: &amp;apos;79ed462ef4&amp;apos;
System info: os.name: &amp;apos;Windows 11&amp;apos;, os.arch: &amp;apos;amd64&amp;apos;, os.version: &amp;apos;10.0&amp;apos;, java.version: &amp;apos;21.0.8&amp;apos;
Driver info: io.appium.java_client.android.AndroidDriver
Command: [b012d70e-75d0-4ba8-8903-a4d0093ee473, findElement {using=id, value=com.expandtesting.practice:id/btnLongClick}]
Capabilities {appium:appActivity: com.expandtesting.practice...., appium:appPackage: com.expandtesting.practice, appium:automationName: UiAutomator2, appium:databaseEnabled: false, appium:desired: {appActivity: com.expandtesting.practice...., appPackage: com.expandtesting.practice, automationName: UiAutomator2, deviceName: vivo 1915, platformName: ANDROID, platformVersion: 12.0, udid: YHB6TOS4Q8W8PF9X}, appium:deviceApiLevel: 31, appium:deviceManufacturer: vivo, appium:deviceModel: vivo 1915, appium:deviceName: YHB6TOS4Q8W8PF9X, appium:deviceScreenDensity: 480, appium:deviceScreenSize: 1080x2340, appium:deviceUDID: YHB6TOS4Q8W8PF9X, appium:javascriptEnabled: true, appium:locationContextEnabled: false, appium:networkConnectionEnabled: true, appium:pixelRatio: 3, appium:platformVersion: 12, appium:statBarHeight: 84, appium:takesScreenshot: true, appium:udid: YHB6TOS4Q8W8PF9X, appium:viewportRect: {height: 2256, left: 0, top: 84, width: 1080}, appium:warnings: {}, appium:webStorageEnabled: false, platformName: ANDROID}
Session ID: b012d70e-75d0-4ba8-8903-a4d0093ee473">
      <![CDATA[org.openqa.selenium.WebDriverException: Could not proxy command to the remote server. Original error: socket hang up
Build info: version: '4.21.0', revision: '79ed462ef4'
System info: os.name: 'Windows 11', os.arch: 'amd64', os.version: '10.0', java.version: '21.0.8'
Driver info: io.appium.java_client.android.AndroidDriver
Command: [b012d70e-75d0-4ba8-8903-a4d0093ee473, findElement {using=id, value=com.expandtesting.practice:id/btnLongClick}]
Capabilities {appium:appActivity: com.expandtesting.practice...., appium:appPackage: com.expandtesting.practice, appium:automationName: UiAutomator2, appium:databaseEnabled: false, appium:desired: {appActivity: com.expandtesting.practice...., appPackage: com.expandtesting.practice, automationName: UiAutomator2, deviceName: vivo 1915, platformName: ANDROID, platformVersion: 12.0, udid: YHB6TOS4Q8W8PF9X}, appium:deviceApiLevel: 31, appium:deviceManufacturer: vivo, appium:deviceModel: vivo 1915, appium:deviceName: YHB6TOS4Q8W8PF9X, appium:deviceScreenDensity: 480, appium:deviceScreenSize: 1080x2340, appium:deviceUDID: YHB6TOS4Q8W8PF9X, appium:javascriptEnabled: true, appium:locationContextEnabled: false, appium:networkConnectionEnabled: true, appium:pixelRatio: 3, appium:platformVersion: 12, appium:statBarHeight: 84, appium:takesScreenshot: true, appium:udid: YHB6TOS4Q8W8PF9X, appium:viewportRect: {height: 2256, left: 0, top: 84, width: 1080}, appium:warnings: {}, appium:webStorageEnabled: false, platformName: ANDROID}
Session ID: b012d70e-75d0-4ba8-8903-a4d0093ee473
at java.base/jdk.internal.reflect.DirectConstructorHandleAccessor.newInstance(DirectConstructorHandleAccessor.java:62)
at java.base/java.lang.reflect.Constructor.newInstanceWithCaller(Constructor.java:502)
at java.base/java.lang.reflect.Constructor.newInstance(Constructor.java:486)
at org.openqa.selenium.remote.ErrorCodec.decode(ErrorCodec.java:167)
at org.openqa.selenium.remote.codec.w3c.W3CHttpResponseCodec.decode(W3CHttpResponseCodec.java:138)
at org.openqa.selenium.remote.codec.w3c.W3CHttpResponseCodec.decode(W3CHttpResponseCodec.java:50)
at org.openqa.selenium.remote.HttpCommandExecutor.execute(HttpCommandExecutor.java:190)
at io.appium.java_client.remote.AppiumCommandExecutor.execute(AppiumCommandExecutor.java:237)
at org.openqa.selenium.remote.RemoteWebDriver.execute(RemoteWebDriver.java:518)
at org.openqa.selenium.remote.ElementLocation$ElementFinder$2.findElement(ElementLocation.java:165)
at org.openqa.selenium.remote.ElementLocation.findElement(ElementLocation.java:59)
at org.openqa.selenium.remote.RemoteWebDriver.findElement(RemoteWebDriver.java:355)
at org.openqa.selenium.remote.RemoteWebDriver.findElement(RemoteWebDriver.java:349)
at testScripts.Gesture_SDemo.Long_Tap(Gesture_SDemo.java:49)
at java.base/jdk.internal.reflect.DirectMethodHandleAccessor.invoke(DirectMethodHandleAccessor.java:103)
at java.base/java.lang.reflect.Method.invoke(Method.java:580)
at org.testng.internal.invokers.MethodInvocationHelper.invokeMethod(MethodInvocationHelper.java:141)
at org.testng.internal.invokers.TestInvoker.invokeMethod(TestInvoker.java:686)
at org.testng.internal.invokers.TestInvoker.invokeTestMethod(TestInvoker.java:230)
at org.testng.internal.invokers.MethodRunner.runInSequence(MethodRunner.java:63)
at org.testng.internal.invokers.TestInvoker$MethodInvocationAgent.invoke(TestInvoker.java:992)
at org.testng.internal.invokers.TestInvoker.invokeTestMethods(TestInvoker.java:203)
at org.testng.internal.invokers.TestMethodWorker.invokeTestMethods(TestMethodWorker.java:154)
at org.testng.internal.invokers.TestMethodWorker.run(TestMethodWorker.java:134)
at java.base/java.util.concurrent.Executors$RunnableAdapter.call(Executors.java:572)
at java.base/java.util.concurrent.FutureTask.run(FutureTask.java:317)
at org.testng.internal.thread.graph.TestNGFutureTask.run(TestNGFutureTask.java:22)
at java.base/java.util.concurrent.ThreadPoolExecutor.runWorker(ThreadPoolExecutor.java:1144)
at java.base/java.util.concurrent.ThreadPoolExecutor$Worker.run(ThreadPoolExecutor.java:642)
at java.base/java.lang.Thread.run(Thread.java:1583)
]]>
    </failure>
  </testcase> <!-- Long_Tap -->
  <testcase classname="testScripts.Language_03" name="Language_Count" time="0.097">
    <failure type="org.openqa.selenium.WebDriverException" message="Could not proxy command to the remote server. Original error: socket hang up
Build info: version: &amp;apos;4.21.0&amp;apos;, revision: &amp;apos;79ed462ef4&amp;apos;
System info: os.name: &amp;apos;Windows 11&amp;apos;, os.arch: &amp;apos;amd64&amp;apos;, os.version: &amp;apos;10.0&amp;apos;, java.version: &amp;apos;21.0.8&amp;apos;
Driver info: io.appium.java_client.android.AndroidDriver
Command: [b012d70e-75d0-4ba8-8903-a4d0093ee473, findElements {using=class name, value=android.widget.RadioButton}]
Capabilities {appium:appActivity: com.expandtesting.practice...., appium:appPackage: com.expandtesting.practice, appium:automationName: UiAutomator2, appium:databaseEnabled: false, appium:desired: {appActivity: com.expandtesting.practice...., appPackage: com.expandtesting.practice, automationName: UiAutomator2, deviceName: vivo 1915, platformName: ANDROID, platformVersion: 12.0, udid: YHB6TOS4Q8W8PF9X}, appium:deviceApiLevel: 31, appium:deviceManufacturer: vivo, appium:deviceModel: vivo 1915, appium:deviceName: YHB6TOS4Q8W8PF9X, appium:deviceScreenDensity: 480, appium:deviceScreenSize: 1080x2340, appium:deviceUDID: YHB6TOS4Q8W8PF9X, appium:javascriptEnabled: true, appium:locationContextEnabled: false, appium:networkConnectionEnabled: true, appium:pixelRatio: 3, appium:platformVersion: 12, appium:statBarHeight: 84, appium:takesScreenshot: true, appium:udid: YHB6TOS4Q8W8PF9X, appium:viewportRect: {height: 2256, left: 0, top: 84, width: 1080}, appium:warnings: {}, appium:webStorageEnabled: false, platformName: ANDROID}
Session ID: b012d70e-75d0-4ba8-8903-a4d0093ee473">
      <![CDATA[org.openqa.selenium.WebDriverException: Could not proxy command to the remote server. Original error: socket hang up
Build info: version: '4.21.0', revision: '79ed462ef4'
System info: os.name: 'Windows 11', os.arch: 'amd64', os.version: '10.0', java.version: '21.0.8'
Driver info: io.appium.java_client.android.AndroidDriver
Command: [b012d70e-75d0-4ba8-8903-a4d0093ee473, findElements {using=class name, value=android.widget.RadioButton}]
Capabilities {appium:appActivity: com.expandtesting.practice...., appium:appPackage: com.expandtesting.practice, appium:automationName: UiAutomator2, appium:databaseEnabled: false, appium:desired: {appActivity: com.expandtesting.practice...., appPackage: com.expandtesting.practice, automationName: UiAutomator2, deviceName: vivo 1915, platformName: ANDROID, platformVersion: 12.0, udid: YHB6TOS4Q8W8PF9X}, appium:deviceApiLevel: 31, appium:deviceManufacturer: vivo, appium:deviceModel: vivo 1915, appium:deviceName: YHB6TOS4Q8W8PF9X, appium:deviceScreenDensity: 480, appium:deviceScreenSize: 1080x2340, appium:deviceUDID: YHB6TOS4Q8W8PF9X, appium:javascriptEnabled: true, appium:locationContextEnabled: false, appium:networkConnectionEnabled: true, appium:pixelRatio: 3, appium:platformVersion: 12, appium:statBarHeight: 84, appium:takesScreenshot: true, appium:udid: YHB6TOS4Q8W8PF9X, appium:viewportRect: {height: 2256, left: 0, top: 84, width: 1080}, appium:warnings: {}, appium:webStorageEnabled: false, platformName: ANDROID}
Session ID: b012d70e-75d0-4ba8-8903-a4d0093ee473
at java.base/jdk.internal.reflect.DirectConstructorHandleAccessor.newInstance(DirectConstructorHandleAccessor.java:62)
at java.base/java.lang.reflect.Constructor.newInstanceWithCaller(Constructor.java:502)
at java.base/java.lang.reflect.Constructor.newInstance(Constructor.java:486)
at org.openqa.selenium.remote.ErrorCodec.decode(ErrorCodec.java:167)
at org.openqa.selenium.remote.codec.w3c.W3CHttpResponseCodec.decode(W3CHttpResponseCodec.java:138)
at org.openqa.selenium.remote.codec.w3c.W3CHttpResponseCodec.decode(W3CHttpResponseCodec.java:50)
at org.openqa.selenium.remote.HttpCommandExecutor.execute(HttpCommandExecutor.java:190)
at io.appium.java_client.remote.AppiumCommandExecutor.execute(AppiumCommandExecutor.java:237)
at org.openqa.selenium.remote.RemoteWebDriver.execute(RemoteWebDriver.java:518)
at org.openqa.selenium.remote.ElementLocation$ElementFinder$2.findElements(ElementLocation.java:182)
at org.openqa.selenium.remote.ElementLocation.findElements(ElementLocation.java:110)
at org.openqa.selenium.remote.RemoteWebDriver.findElements(RemoteWebDriver.java:368)
at org.openqa.selenium.remote.RemoteWebDriver.findElements(RemoteWebDriver.java:362)
at testScripts.Language_03.Language_Count(Language_03.java:42)
at java.base/jdk.internal.reflect.DirectMethodHandleAccessor.invoke(DirectMethodHandleAccessor.java:103)
at java.base/java.lang.reflect.Method.invoke(Method.java:580)
at org.testng.internal.invokers.MethodInvocationHelper.invokeMethod(MethodInvocationHelper.java:141)
at org.testng.internal.invokers.TestInvoker.invokeMethod(TestInvoker.java:686)
at org.testng.internal.invokers.TestInvoker.invokeTestMethod(TestInvoker.java:230)
at org.testng.internal.invokers.MethodRunner.runInSequence(MethodRunner.java:63)
at org.testng.internal.invokers.TestInvoker$MethodInvocationAgent.invoke(TestInvoker.java:992)
at org.testng.internal.invokers.TestInvoker.invokeTestMethods(TestInvoker.java:203)
at org.testng.internal.invokers.TestMethodWorker.invokeTestMethods(TestMethodWorker.java:154)
at org.testng.internal.invokers.TestMethodWorker.run(TestMethodWorker.java:134)
at java.base/java.util.concurrent.Executors$RunnableAdapter.call(Executors.java:572)
at java.base/java.util.concurrent.FutureTask.run(FutureTask.java:317)
at org.testng.internal.thread.graph.TestNGFutureTask.run(TestNGFutureTask.java:22)
at java.base/java.util.concurrent.ThreadPoolExecutor.runWorker(ThreadPoolExecutor.java:1144)
at java.base/java.util.concurrent.ThreadPoolExecutor$Worker.run(ThreadPoolExecutor.java:642)
at java.base/java.lang.Thread.run(Thread.java:1583)
]]>
    </failure>
  </testcase> <!-- Language_Count -->
  <testcase classname="testScripts.Scale_Image_07" name="Back" time="29.607">
    <failure type="org.openqa.selenium.WebDriverException" message="Could not proxy command to the remote server. Original error: socket hang up
Build info: version: &amp;apos;4.21.0&amp;apos;, revision: &amp;apos;79ed462ef4&amp;apos;
System info: os.name: &amp;apos;Windows 11&amp;apos;, os.arch: &amp;apos;amd64&amp;apos;, os.version: &amp;apos;10.0&amp;apos;, java.version: &amp;apos;21.0.8&amp;apos;
Driver info: io.appium.java_client.android.AndroidDriver
Command: [b012d70e-75d0-4ba8-8903-a4d0093ee473, executeScript {script=mobile: pressKey, args=[{keycode=4}]}]
Capabilities {appium:appActivity: com.expandtesting.practice...., appium:appPackage: com.expandtesting.practice, appium:automationName: UiAutomator2, appium:databaseEnabled: false, appium:desired: {appActivity: com.expandtesting.practice...., appPackage: com.expandtesting.practice, automationName: UiAutomator2, deviceName: vivo 1915, platformName: ANDROID, platformVersion: 12.0, udid: YHB6TOS4Q8W8PF9X}, appium:deviceApiLevel: 31, appium:deviceManufacturer: vivo, appium:deviceModel: vivo 1915, appium:deviceName: YHB6TOS4Q8W8PF9X, appium:deviceScreenDensity: 480, appium:deviceScreenSize: 1080x2340, appium:deviceUDID: YHB6TOS4Q8W8PF9X, appium:javascriptEnabled: true, appium:locationContextEnabled: false, appium:networkConnectionEnabled: true, appium:pixelRatio: 3, appium:platformVersion: 12, appium:statBarHeight: 84, appium:takesScreenshot: true, appium:udid: YHB6TOS4Q8W8PF9X, appium:viewportRect: {height: 2256, left: 0, top: 84, width: 1080}, appium:warnings: {}, appium:webStorageEnabled: false, platformName: ANDROID}
Session ID: b012d70e-75d0-4ba8-8903-a4d0093ee473">
      <![CDATA[org.openqa.selenium.WebDriverException: Could not proxy command to the remote server. Original error: socket hang up
Build info: version: '4.21.0', revision: '79ed462ef4'
System info: os.name: 'Windows 11', os.arch: 'amd64', os.version: '10.0', java.version: '21.0.8'
Driver info: io.appium.java_client.android.AndroidDriver
Command: [b012d70e-75d0-4ba8-8903-a4d0093ee473, executeScript {script=mobile: pressKey, args=[{keycode=4}]}]
Capabilities {appium:appActivity: com.expandtesting.practice...., appium:appPackage: com.expandtesting.practice, appium:automationName: UiAutomator2, appium:databaseEnabled: false, appium:desired: {appActivity: com.expandtesting.practice...., appPackage: com.expandtesting.practice, automationName: UiAutomator2, deviceName: vivo 1915, platformName: ANDROID, platformVersion: 12.0, udid: YHB6TOS4Q8W8PF9X}, appium:deviceApiLevel: 31, appium:deviceManufacturer: vivo, appium:deviceModel: vivo 1915, appium:deviceName: YHB6TOS4Q8W8PF9X, appium:deviceScreenDensity: 480, appium:deviceScreenSize: 1080x2340, appium:deviceUDID: YHB6TOS4Q8W8PF9X, appium:javascriptEnabled: true, appium:locationContextEnabled: false, appium:networkConnectionEnabled: true, appium:pixelRatio: 3, appium:platformVersion: 12, appium:statBarHeight: 84, appium:takesScreenshot: true, appium:udid: YHB6TOS4Q8W8PF9X, appium:viewportRect: {height: 2256, left: 0, top: 84, width: 1080}, appium:warnings: {}, appium:webStorageEnabled: false, platformName: ANDROID}
Session ID: b012d70e-75d0-4ba8-8903-a4d0093ee473
at java.base/jdk.internal.reflect.DirectConstructorHandleAccessor.newInstance(DirectConstructorHandleAccessor.java:62)
at java.base/java.lang.reflect.Constructor.newInstanceWithCaller(Constructor.java:502)
at java.base/java.lang.reflect.Constructor.newInstance(Constructor.java:486)
at org.openqa.selenium.remote.ErrorCodec.decode(ErrorCodec.java:167)
at org.openqa.selenium.remote.codec.w3c.W3CHttpResponseCodec.decode(W3CHttpResponseCodec.java:138)
at org.openqa.selenium.remote.codec.w3c.W3CHttpResponseCodec.decode(W3CHttpResponseCodec.java:50)
at org.openqa.selenium.remote.HttpCommandExecutor.execute(HttpCommandExecutor.java:190)
at io.appium.java_client.remote.AppiumCommandExecutor.execute(AppiumCommandExecutor.java:237)
at org.openqa.selenium.remote.RemoteWebDriver.execute(RemoteWebDriver.java:518)
at org.openqa.selenium.remote.RemoteWebDriver.execute(RemoteWebDriver.java:591)
at io.appium.java_client.AppiumDriver.execute(AppiumDriver.java:302)
at io.appium.java_client.CommandExecutionHelper.execute(CommandExecutionHelper.java:36)
at io.appium.java_client.CommandExecutionHelper.executeScript(CommandExecutionHelper.java:67)
at io.appium.java_client.android.nativekey.PressesKey.pressKey(PressesKey.java:40)
at testScripts.Scale_Image_07.Back(Scale_Image_07.java:55)
at java.base/jdk.internal.reflect.DirectMethodHandleAccessor.invoke(DirectMethodHandleAccessor.java:103)
at java.base/java.lang.reflect.Method.invoke(Method.java:580)
at org.testng.internal.invokers.MethodInvocationHelper.invokeMethod(MethodInvocationHelper.java:141)
at org.testng.internal.invokers.TestInvoker.invokeMethod(TestInvoker.java:686)
at org.testng.internal.invokers.TestInvoker.invokeTestMethod(TestInvoker.java:230)
at org.testng.internal.invokers.MethodRunner.runInSequence(MethodRunner.java:63)
at org.testng.internal.invokers.TestInvoker$MethodInvocationAgent.invoke(TestInvoker.java:992)
at org.testng.internal.invokers.TestInvoker.invokeTestMethods(TestInvoker.java:203)
at org.testng.internal.invokers.TestMethodWorker.invokeTestMethods(TestMethodWorker.java:154)
at org.testng.internal.invokers.TestMethodWorker.run(TestMethodWorker.java:134)
at java.base/java.util.concurrent.Executors$RunnableAdapter.call(Executors.java:572)
at java.base/java.util.concurrent.FutureTask.run(FutureTask.java:317)
at org.testng.internal.thread.graph.TestNGFutureTask.run(TestNGFutureTask.java:22)
at java.base/java.util.concurrent.ThreadPoolExecutor.runWorker(ThreadPoolExecutor.java:1144)
at java.base/java.util.concurrent.ThreadPoolExecutor$Worker.run(ThreadPoolExecutor.java:642)
at java.base/java.lang.Thread.run(Thread.java:1583)
]]>
    </failure>
  </testcase> <!-- Back -->
  <testcase classname="testScripts.Alert" name="Back" time="9.261">
    <failure type="org.openqa.selenium.WebDriverException" message="Could not proxy command to the remote server. Original error: socket hang up
Build info: version: &amp;apos;4.21.0&amp;apos;, revision: &amp;apos;79ed462ef4&amp;apos;
System info: os.name: &amp;apos;Windows 11&amp;apos;, os.arch: &amp;apos;amd64&amp;apos;, os.version: &amp;apos;10.0&amp;apos;, java.version: &amp;apos;21.0.8&amp;apos;
Driver info: io.appium.java_client.android.AndroidDriver
Command: [b012d70e-75d0-4ba8-8903-a4d0093ee473, executeScript {script=mobile: pressKey, args=[{keycode=4}]}]
Capabilities {appium:appActivity: com.expandtesting.practice...., appium:appPackage: com.expandtesting.practice, appium:automationName: UiAutomator2, appium:databaseEnabled: false, appium:desired: {appActivity: com.expandtesting.practice...., appPackage: com.expandtesting.practice, automationName: UiAutomator2, deviceName: vivo 1915, platformName: ANDROID, platformVersion: 12.0, udid: YHB6TOS4Q8W8PF9X}, appium:deviceApiLevel: 31, appium:deviceManufacturer: vivo, appium:deviceModel: vivo 1915, appium:deviceName: YHB6TOS4Q8W8PF9X, appium:deviceScreenDensity: 480, appium:deviceScreenSize: 1080x2340, appium:deviceUDID: YHB6TOS4Q8W8PF9X, appium:javascriptEnabled: true, appium:locationContextEnabled: false, appium:networkConnectionEnabled: true, appium:pixelRatio: 3, appium:platformVersion: 12, appium:statBarHeight: 84, appium:takesScreenshot: true, appium:udid: YHB6TOS4Q8W8PF9X, appium:viewportRect: {height: 2256, left: 0, top: 84, width: 1080}, appium:warnings: {}, appium:webStorageEnabled: false, platformName: ANDROID}
Session ID: b012d70e-75d0-4ba8-8903-a4d0093ee473">
      <![CDATA[org.openqa.selenium.WebDriverException: Could not proxy command to the remote server. Original error: socket hang up
Build info: version: '4.21.0', revision: '79ed462ef4'
System info: os.name: 'Windows 11', os.arch: 'amd64', os.version: '10.0', java.version: '21.0.8'
Driver info: io.appium.java_client.android.AndroidDriver
Command: [b012d70e-75d0-4ba8-8903-a4d0093ee473, executeScript {script=mobile: pressKey, args=[{keycode=4}]}]
Capabilities {appium:appActivity: com.expandtesting.practice...., appium:appPackage: com.expandtesting.practice, appium:automationName: UiAutomator2, appium:databaseEnabled: false, appium:desired: {appActivity: com.expandtesting.practice...., appPackage: com.expandtesting.practice, automationName: UiAutomator2, deviceName: vivo 1915, platformName: ANDROID, platformVersion: 12.0, udid: YHB6TOS4Q8W8PF9X}, appium:deviceApiLevel: 31, appium:deviceManufacturer: vivo, appium:deviceModel: vivo 1915, appium:deviceName: YHB6TOS4Q8W8PF9X, appium:deviceScreenDensity: 480, appium:deviceScreenSize: 1080x2340, appium:deviceUDID: YHB6TOS4Q8W8PF9X, appium:javascriptEnabled: true, appium:locationContextEnabled: false, appium:networkConnectionEnabled: true, appium:pixelRatio: 3, appium:platformVersion: 12, appium:statBarHeight: 84, appium:takesScreenshot: true, appium:udid: YHB6TOS4Q8W8PF9X, appium:viewportRect: {height: 2256, left: 0, top: 84, width: 1080}, appium:warnings: {}, appium:webStorageEnabled: false, platformName: ANDROID}
Session ID: b012d70e-75d0-4ba8-8903-a4d0093ee473
at java.base/jdk.internal.reflect.DirectConstructorHandleAccessor.newInstance(DirectConstructorHandleAccessor.java:62)
at java.base/java.lang.reflect.Constructor.newInstanceWithCaller(Constructor.java:502)
at java.base/java.lang.reflect.Constructor.newInstance(Constructor.java:486)
at org.openqa.selenium.remote.ErrorCodec.decode(ErrorCodec.java:167)
at org.openqa.selenium.remote.codec.w3c.W3CHttpResponseCodec.decode(W3CHttpResponseCodec.java:138)
at org.openqa.selenium.remote.codec.w3c.W3CHttpResponseCodec.decode(W3CHttpResponseCodec.java:50)
at org.openqa.selenium.remote.HttpCommandExecutor.execute(HttpCommandExecutor.java:190)
at io.appium.java_client.remote.AppiumCommandExecutor.execute(AppiumCommandExecutor.java:237)
at org.openqa.selenium.remote.RemoteWebDriver.execute(RemoteWebDriver.java:518)
at org.openqa.selenium.remote.RemoteWebDriver.execute(RemoteWebDriver.java:591)
at io.appium.java_client.AppiumDriver.execute(AppiumDriver.java:302)
at io.appium.java_client.CommandExecutionHelper.execute(CommandExecutionHelper.java:36)
at io.appium.java_client.CommandExecutionHelper.executeScript(CommandExecutionHelper.java:67)
at io.appium.java_client.android.nativekey.PressesKey.pressKey(PressesKey.java:40)
at testScripts.Alert.Back(Alert.java:51)
at java.base/jdk.internal.reflect.DirectMethodHandleAccessor.invoke(DirectMethodHandleAccessor.java:103)
at java.base/java.lang.reflect.Method.invoke(Method.java:580)
at org.testng.internal.invokers.MethodInvocationHelper.invokeMethod(MethodInvocationHelper.java:141)
at org.testng.internal.invokers.TestInvoker.invokeMethod(TestInvoker.java:686)
at org.testng.internal.invokers.TestInvoker.invokeTestMethod(TestInvoker.java:230)
at org.testng.internal.invokers.MethodRunner.runInSequence(MethodRunner.java:63)
at org.testng.internal.invokers.TestInvoker$MethodInvocationAgent.invoke(TestInvoker.java:992)
at org.testng.internal.invokers.TestInvoker.invokeTestMethods(TestInvoker.java:203)
at org.testng.internal.invokers.TestMethodWorker.invokeTestMethods(TestMethodWorker.java:154)
at org.testng.internal.invokers.TestMethodWorker.run(TestMethodWorker.java:134)
at java.base/java.util.concurrent.Executors$RunnableAdapter.call(Executors.java:572)
at java.base/java.util.concurrent.FutureTask.run(FutureTask.java:317)
at org.testng.internal.thread.graph.TestNGFutureTask.run(TestNGFutureTask.java:22)
at java.base/java.util.concurrent.ThreadPoolExecutor.runWorker(ThreadPoolExecutor.java:1144)
at java.base/java.util.concurrent.ThreadPoolExecutor$Worker.run(ThreadPoolExecutor.java:642)
at java.base/java.lang.Thread.run(Thread.java:1583)
]]>
    </failure>
  </testcase> <!-- Back -->
  <testcase classname="testScripts.Gesture_SDemo" name="Drag_And_Drop" time="0.111">
    <failure type="org.openqa.selenium.WebDriverException" message="Could not proxy command to the remote server. Original error: socket hang up
Build info: version: &amp;apos;4.21.0&amp;apos;, revision: &amp;apos;79ed462ef4&amp;apos;
System info: os.name: &amp;apos;Windows 11&amp;apos;, os.arch: &amp;apos;amd64&amp;apos;, os.version: &amp;apos;10.0&amp;apos;, java.version: &amp;apos;21.0.8&amp;apos;
Driver info: io.appium.java_client.android.AndroidDriver
Command: [b012d70e-75d0-4ba8-8903-a4d0093ee473, findElement {using=id, value=com.expandtesting.practice:id/tvDragMe}]
Capabilities {appium:appActivity: com.expandtesting.practice...., appium:appPackage: com.expandtesting.practice, appium:automationName: UiAutomator2, appium:databaseEnabled: false, appium:desired: {appActivity: com.expandtesting.practice...., appPackage: com.expandtesting.practice, automationName: UiAutomator2, deviceName: vivo 1915, platformName: ANDROID, platformVersion: 12.0, udid: YHB6TOS4Q8W8PF9X}, appium:deviceApiLevel: 31, appium:deviceManufacturer: vivo, appium:deviceModel: vivo 1915, appium:deviceName: YHB6TOS4Q8W8PF9X, appium:deviceScreenDensity: 480, appium:deviceScreenSize: 1080x2340, appium:deviceUDID: YHB6TOS4Q8W8PF9X, appium:javascriptEnabled: true, appium:locationContextEnabled: false, appium:networkConnectionEnabled: true, appium:pixelRatio: 3, appium:platformVersion: 12, appium:statBarHeight: 84, appium:takesScreenshot: true, appium:udid: YHB6TOS4Q8W8PF9X, appium:viewportRect: {height: 2256, left: 0, top: 84, width: 1080}, appium:warnings: {}, appium:webStorageEnabled: false, platformName: ANDROID}
Session ID: b012d70e-75d0-4ba8-8903-a4d0093ee473">
      <![CDATA[org.openqa.selenium.WebDriverException: Could not proxy command to the remote server. Original error: socket hang up
Build info: version: '4.21.0', revision: '79ed462ef4'
System info: os.name: 'Windows 11', os.arch: 'amd64', os.version: '10.0', java.version: '21.0.8'
Driver info: io.appium.java_client.android.AndroidDriver
Command: [b012d70e-75d0-4ba8-8903-a4d0093ee473, findElement {using=id, value=com.expandtesting.practice:id/tvDragMe}]
Capabilities {appium:appActivity: com.expandtesting.practice...., appium:appPackage: com.expandtesting.practice, appium:automationName: UiAutomator2, appium:databaseEnabled: false, appium:desired: {appActivity: com.expandtesting.practice...., appPackage: com.expandtesting.practice, automationName: UiAutomator2, deviceName: vivo 1915, platformName: ANDROID, platformVersion: 12.0, udid: YHB6TOS4Q8W8PF9X}, appium:deviceApiLevel: 31, appium:deviceManufacturer: vivo, appium:deviceModel: vivo 1915, appium:deviceName: YHB6TOS4Q8W8PF9X, appium:deviceScreenDensity: 480, appium:deviceScreenSize: 1080x2340, appium:deviceUDID: YHB6TOS4Q8W8PF9X, appium:javascriptEnabled: true, appium:locationContextEnabled: false, appium:networkConnectionEnabled: true, appium:pixelRatio: 3, appium:platformVersion: 12, appium:statBarHeight: 84, appium:takesScreenshot: true, appium:udid: YHB6TOS4Q8W8PF9X, appium:viewportRect: {height: 2256, left: 0, top: 84, width: 1080}, appium:warnings: {}, appium:webStorageEnabled: false, platformName: ANDROID}
Session ID: b012d70e-75d0-4ba8-8903-a4d0093ee473
at java.base/jdk.internal.reflect.DirectConstructorHandleAccessor.newInstance(DirectConstructorHandleAccessor.java:62)
at java.base/java.lang.reflect.Constructor.newInstanceWithCaller(Constructor.java:502)
at java.base/java.lang.reflect.Constructor.newInstance(Constructor.java:486)
at org.openqa.selenium.remote.ErrorCodec.decode(ErrorCodec.java:167)
at org.openqa.selenium.remote.codec.w3c.W3CHttpResponseCodec.decode(W3CHttpResponseCodec.java:138)
at org.openqa.selenium.remote.codec.w3c.W3CHttpResponseCodec.decode(W3CHttpResponseCodec.java:50)
at org.openqa.selenium.remote.HttpCommandExecutor.execute(HttpCommandExecutor.java:190)
at io.appium.java_client.remote.AppiumCommandExecutor.execute(AppiumCommandExecutor.java:237)
at org.openqa.selenium.remote.RemoteWebDriver.execute(RemoteWebDriver.java:518)
at org.openqa.selenium.remote.ElementLocation$ElementFinder$2.findElement(ElementLocation.java:165)
at org.openqa.selenium.remote.ElementLocation.findElement(ElementLocation.java:59)
at org.openqa.selenium.remote.RemoteWebDriver.findElement(RemoteWebDriver.java:355)
at org.openqa.selenium.remote.RemoteWebDriver.findElement(RemoteWebDriver.java:349)
at testScripts.Gesture_SDemo.Drag_And_Drop(Gesture_SDemo.java:82)
at java.base/jdk.internal.reflect.DirectMethodHandleAccessor.invoke(DirectMethodHandleAccessor.java:103)
at java.base/java.lang.reflect.Method.invoke(Method.java:580)
at org.testng.internal.invokers.MethodInvocationHelper.invokeMethod(MethodInvocationHelper.java:141)
at org.testng.internal.invokers.TestInvoker.invokeMethod(TestInvoker.java:686)
at org.testng.internal.invokers.TestInvoker.invokeTestMethod(TestInvoker.java:230)
at org.testng.internal.invokers.MethodRunner.runInSequence(MethodRunner.java:63)
at org.testng.internal.invokers.TestInvoker$MethodInvocationAgent.invoke(TestInvoker.java:992)
at org.testng.internal.invokers.TestInvoker.invokeTestMethods(TestInvoker.java:203)
at org.testng.internal.invokers.TestMethodWorker.invokeTestMethods(TestMethodWorker.java:154)
at org.testng.internal.invokers.TestMethodWorker.run(TestMethodWorker.java:134)
at java.base/java.util.concurrent.Executors$RunnableAdapter.call(Executors.java:572)
at java.base/java.util.concurrent.FutureTask.run(FutureTask.java:317)
at org.testng.internal.thread.graph.TestNGFutureTask.run(TestNGFutureTask.java:22)
at java.base/java.util.concurrent.ThreadPoolExecutor.runWorker(ThreadPoolExecutor.java:1144)
at java.base/java.util.concurrent.ThreadPoolExecutor$Worker.run(ThreadPoolExecutor.java:642)
at java.base/java.lang.Thread.run(Thread.java:1583)
]]>
    </failure>
  </testcase> <!-- Drag_And_Drop -->
  <testcase classname="testScripts.ECHO_Message" name="Back" time="0.185">
    <failure type="org.openqa.selenium.WebDriverException" message="Could not proxy command to the remote server. Original error: socket hang up
Build info: version: &amp;apos;4.21.0&amp;apos;, revision: &amp;apos;79ed462ef4&amp;apos;
[...]
at org.openqa.selenium.remote.RemoteWebDriver.execute(RemoteWebDriver.java:518)
at org.openqa.selenium.remote.ElementLocation$ElementFinder$2.findElement(ElementLocation.java:165)
at org.openqa.selenium.remote.ElementLocation.findElement(ElementLocation.java:59)
at org.openqa.selenium.remote.RemoteWebDriver.findElement(RemoteWebDriver.java:355)
at org.openqa.selenium.remote.RemoteWebDriver.findElement(RemoteWebDriver.java:349)
at testScripts.Counter_01.verifyResetButton(Counter_01.java:64)
at java.base/jdk.internal.reflect.DirectMethodHandleAccessor.invoke(DirectMethodHandleAccessor.java:103)
at java.base/java.lang.reflect.Method.invoke(Method.java:580)
at org.testng.internal.invokers.MethodInvocationHelper.invokeMethod(MethodInvocationHelper.java:141)
at org.testng.internal.invokers.TestInvoker.invokeMethod(TestInvoker.java:686)
at org.testng.internal.invokers.TestInvoker.invokeTestMethod(TestInvoker.java:230)
at org.testng.internal.invokers.MethodRunner.runInSequence(MethodRunner.java:63)
at org.testng.internal.invokers.TestInvoker$MethodInvocationAgent.invoke(TestInvoker.java:992)
at org.testng.internal.invokers.TestInvoker.invokeTestMethods(TestInvoker.java:203)
at org.testng.internal.invokers.TestMethodWorker.invokeTestMethods(TestMethodWorker.java:154)
at org.testng.internal.invokers.TestMethodWorker.run(TestMethodWorker.java:134)
at java.base/java.util.concurrent.Executors$RunnableAdapter.call(Executors.java:572)
at java.base/java.util.concurrent.FutureTask.run(FutureTask.java:317)
at org.testng.internal.thread.graph.TestNGFutureTask.run(TestNGFutureTask.java:22)
at java.base/java.util.concurrent.ThreadPoolExecutor.runWorker(ThreadPoolExecutor.java:1144)
at java.base/java.util.concurrent.ThreadPoolExecutor$Worker.run(ThreadPoolExecutor.java:642)
at java.base/java.lang.Thread.run(Thread.java:1583)
]]>
    </failure>
  </testcase> <!-- verifyResetButton -->
  <testcase classname="testScripts.WebView" name="verifyClearButtonWithoutURL" time="0.083"/>
  <testcase classname="testScripts.Language_03" name="choose_Lag_C_JavaScript" time="0.042">
    <failure type="org.openqa.selenium.WebDriverException" message="Could not proxy command to the remote server. Original error: socket hang up
Build info: version: &amp;apos;4.21.0&amp;apos;, revision: &amp;apos;79ed462ef4&amp;apos;
System info: os.name: &amp;apos;Windows 11&amp;apos;, os.arch: &amp;apos;amd64&amp;apos;, os.version: &amp;apos;10.0&amp;apos;, java.version: &amp;apos;21.0.8&amp;apos;
Driver info: io.appium.java_client.android.AndroidDriver
Command: [b012d70e-75d0-4ba8-8903-a4d0093ee473, findElement {using=id, value=com.expandtesting.practice:id/rb_language_4}]
Capabilities {appium:appActivity: com.expandtesting.practice...., appium:appPackage: com.expandtesting.practice, appium:automationName: UiAutomator2, appium:databaseEnabled: false, appium:desired: {appActivity: com.expandtesting.practice...., appPackage: com.expandtesting.practice, automationName: UiAutomator2, deviceName: vivo 1915, platformName: ANDROID, platformVersion: 12.0, udid: YHB6TOS4Q8W8PF9X}, appium:deviceApiLevel: 31, appium:deviceManufacturer: vivo, appium:deviceModel: vivo 1915, appium:deviceName: YHB6TOS4Q8W8PF9X, appium:deviceScreenDensity: 480, appium:deviceScreenSize: 1080x2340, appium:deviceUDID: YHB6TOS4Q8W8PF9X, appium:javascriptEnabled: true, appium:locationContextEnabled: false, appium:networkConnectionEnabled: true, appium:pixelRatio: 3, appium:platformVersion: 12, appium:statBarHeight: 84, appium:takesScreenshot: true, appium:udid: YHB6TOS4Q8W8PF9X, appium:viewportRect: {height: 2256, left: 0, top: 84, width: 1080}, appium:warnings: {}, appium:webStorageEnabled: false, platformName: ANDROID}
Session ID: b012d70e-75d0-4ba8-8903-a4d0093ee473">
      <![CDATA[org.openqa.selenium.WebDriverException: Could not proxy command to the remote server. Original error: socket hang up
Build info: version: '4.21.0', revision: '79ed462ef4'
System info: os.name: 'Windows 11', os.arch: 'amd64', os.version: '10.0', java.version: '21.0.8'
Driver info: io.appium.java_client.android.AndroidDriver
Command: [b012d70e-75d0-4ba8-8903-a4d0093ee473, findElement {using=id, value=com.expandtesting.practice:id/rb_language_4}]
Capabilities {appium:appActivity: com.expandtesting.practice...., appium:appPackage: com.expandtesting.practice, appium:automationName: UiAutomator2, appium:databaseEnabled: false, appium:desired: {appActivity: com.expandtesting.practice...., appPackage: com.expandtesting.practice, automationName: UiAutomator2, deviceName: vivo 1915, platformName: ANDROID, platformVersion: 12.0, udid: YHB6TOS4Q8W8PF9X}, appium:deviceApiLevel: 31, appium:deviceManufacturer: vivo, appium:deviceModel: vivo 1915, appium:deviceName: YHB6TOS4Q8W8PF9X, appium:deviceScreenDensity: 480, appium:deviceScreenSize: 1080x2340, appium:deviceUDID: YHB6TOS4Q8W8PF9X, appium:javascriptEnabled: true, appium:locationContextEnabled: false, appium:networkConnectionEnabled: true, appium:pixelRatio: 3, appium:platformVersion: 12, appium:statBarHeight: 84, appium:takesScreenshot: true, appium:udid: YHB6TOS4Q8W8PF9X, appium:viewportRect: {height: 2256, left: 0, top: 84, width: 1080}, appium:warnings: {}, appium:webStorageEnabled: false, platformName: ANDROID}
Session ID: b012d70e-75d0-4ba8-8903-a4d0093ee473
at java.base/jdk.internal.reflect.DirectConstructorHandleAccessor.newInstance(DirectConstructorHandleAccessor.java:62)
at java.base/java.lang.reflect.Constructor.newInstanceWithCaller(Constructor.java:502)
at java.base/java.lang.reflect.Constructor.newInstance(Constructor.java:486)
at org.openqa.selenium.remote.ErrorCodec.decode(ErrorCodec.java:167)
at org.openqa.selenium.remote.codec.w3c.W3CHttpResponseCodec.decode(W3CHttpResponseCodec.java:138)
at org.openqa.selenium.remote.codec.w3c.W3CHttpResponseCodec.decode(W3CHttpResponseCodec.java:50)
at org.openqa.selenium.remote.HttpCommandExecutor.execute(HttpCommandExecutor.java:190)
at io.appium.java_client.remote.AppiumCommandExecutor.execute(AppiumCommandExecutor.java:237)
at org.openqa.selenium.remote.RemoteWebDriver.execute(RemoteWebDriver.java:518)
at org.openqa.selenium.remote.ElementLocation$ElementFinder$2.findElement(ElementLocation.java:165)
at org.openqa.selenium.remote.ElementLocation.findElement(ElementLocation.java:59)
at org.openqa.selenium.remote.RemoteWebDriver.findElement(RemoteWebDriver.java:355)
at org.openqa.selenium.remote.RemoteWebDriver.findElement(RemoteWebDriver.java:349)
at testScripts.Language_03.choose_Lag_C_JavaScript(Language_03.java:141)
at java.base/jdk.internal.reflect.DirectMethodHandleAccessor.invoke(DirectMethodHandleAccessor.java:103)
at java.base/java.lang.reflect.Method.invoke(Method.java:580)
at org.testng.internal.invokers.MethodInvocationHelper.invokeMethod(MethodInvocationHelper.java:141)
at org.testng.internal.invokers.TestInvoker.invokeMethod(TestInvoker.java:686)
at org.testng.internal.invokers.TestInvoker.invokeTestMethod(TestInvoker.java:230)
at org.testng.internal.invokers.MethodRunner.runInSequence(MethodRunner.java:63)
at org.testng.internal.invokers.TestInvoker$MethodInvocationAgent.invoke(TestInvoker.java:992)
at org.testng.internal.invokers.TestInvoker.invokeTestMethods(TestInvoker.java:203)
at org.testng.internal.invokers.TestMethodWorker.invokeTestMethods(TestMethodWorker.java:154)
at org.testng.internal.invokers.TestMethodWorker.run(TestMethodWorker.java:134)
at java.base/java.util.concurrent.Executors$RunnableAdapter.call(Executors.java:572)
at java.base/java.util.concurrent.FutureTask.run(FutureTask.java:317)
at org.testng.internal.thread.graph.TestNGFutureTask.run(TestNGFutureTask.java:22)
at java.base/java.util.concurrent.ThreadPoolExecutor.runWorker(ThreadPoolExecutor.java:1144)
at java.base/java.util.concurrent.ThreadPoolExecutor$Worker.run(ThreadPoolExecutor.java:642)
at java.base/java.lang.Thread.run(Thread.java:1583)
]]>
    </failure>
  </testcase> <!-- choose_Lag_C_JavaScript -->
  <testcase classname="testScripts.Counter_01" name="Back" time="0.066">
    <failure type="org.openqa.selenium.WebDriverException" message="Could not proxy command to the remote server. Original error: socket hang up
Build info: version: &amp;apos;4.21.0&amp;apos;, revision: &amp;apos;79ed462ef4&amp;apos;
System info: os.name: &amp;apos;Windows 11&amp;apos;, os.arch: &amp;apos;amd64&amp;apos;, os.version: &amp;apos;10.0&amp;apos;, java.version: &amp;apos;21.0.8&amp;apos;
Driver info: io.appium.java_client.android.AndroidDriver
Command: [b012d70e-75d0-4ba8-8903-a4d0093ee473, executeScript {script=mobile: pressKey, args=[{keycode=4}]}]
Capabilities {appium:appActivity: com.expandtesting.practice...., appium:appPackage: com.expandtesting.practice, appium:automationName: UiAutomator2, appium:databaseEnabled: false, appium:desired: {appActivity: com.expandtesting.practice...., appPackage: com.expandtesting.practice, automationName: UiAutomator2, deviceName: vivo 1915, platformName: ANDROID, platformVersion: 12.0, udid: YHB6TOS4Q8W8PF9X}, appium:deviceApiLevel: 31, appium:deviceManufacturer: vivo, appium:deviceModel: vivo 1915, appium:deviceName: YHB6TOS4Q8W8PF9X, appium:deviceScreenDensity: 480, appium:deviceScreenSize: 1080x2340, appium:deviceUDID: YHB6TOS4Q8W8PF9X, appium:javascriptEnabled: true, appium:locationContextEnabled: false, appium:networkConnectionEnabled: true, appium:pixelRatio: 3, appium:platformVersion: 12, appium:statBarHeight: 84, appium:takesScreenshot: true, appium:udid: YHB6TOS4Q8W8PF9X, appium:viewportRect: {height: 2256, left: 0, top: 84, width: 1080}, appium:warnings: {}, appium:webStorageEnabled: false, platformName: ANDROID}
Session ID: b012d70e-75d0-4ba8-8903-a4d0093ee473">
      <![CDATA[org.openqa.selenium.WebDriverException: Could not proxy command to the remote server. Original error: socket hang up
Build info: version: '4.21.0', revision: '79ed462ef4'
System info: os.name: 'Windows 11', os.arch: 'amd64', os.version: '10.0', java.version: '21.0.8'
Driver info: io.appium.java_client.android.AndroidDriver
Command: [b012d70e-75d0-4ba8-8903-a4d0093ee473, executeScript {script=mobile: pressKey, args=[{keycode=4}]}]
Capabilities {appium:appActivity: com.expandtesting.practice...., appium:appPackage: com.expandtesting.practice, appium:automationName: UiAutomator2, appium:databaseEnabled: false, appium:desired: {appActivity: com.expandtesting.practice...., appPackage: com.expandtesting.practice, automationName: UiAutomator2, deviceName: vivo 1915, platformName: ANDROID, platformVersion: 12.0, udid: YHB6TOS4Q8W8PF9X}, appium:deviceApiLevel: 31, appium:deviceManufacturer: vivo, appium:deviceModel: vivo 1915, appium:deviceName: YHB6TOS4Q8W8PF9X, appium:deviceScreenDensity: 480, appium:deviceScreenSize: 1080x2340, appium:deviceUDID: YHB6TOS4Q8W8PF9X, appium:javascriptEnabled: true, appium:locationContextEnabled: false, appium:networkConnectionEnabled: true, appium:pixelRatio: 3, appium:platformVersion: 12, appium:statBarHeight: 84, appium:takesScreenshot: true, appium:udid: YHB6TOS4Q8W8PF9X, appium:viewportRect: {height: 2256, left: 0, top: 84, width: 1080}, appium:warnings: {}, appium:webStorageEnabled: false, platformName: ANDROID}
Session ID: b012d70e-75d0-4ba8-8903-a4d0093ee473
at java.base/jdk.internal.reflect.DirectConstructorHandleAccessor.newInstance(DirectConstructorHandleAccessor.java:62)
at java.base/java.lang.reflect.Constructor.newInstanceWithCaller(Constructor.java:502)
at java.base/java.lang.reflect.Constructor.newInstance(Constructor.java:486)
at org.openqa.selenium.remote.ErrorCodec.decode(ErrorCodec.java:167)
at org.openqa.selenium.remote.codec.w3c.W3CHttpResponseCodec.decode(W3CHttpResponseCodec.java:138)
at org.openqa.selenium.remote.codec.w3c.W3CHttpResponseCodec.decode(W3CHttpResponseCodec.java:50)
at org.openqa.selenium.remote.HttpCommandExecutor.execute(HttpCommandExecutor.java:190)
at io.appium.java_client.remote.AppiumCommandExecutor.execute(AppiumCommandExecutor.java:237)
at org.openqa.selenium.remote.RemoteWebDriver.execute(RemoteWebDriver.java:518)
at org.openqa.selenium.remote.RemoteWebDriver.execute(RemoteWebDriver.java:591)
at io.appium.java_client.AppiumDriver.execute(AppiumDriver.java:302)
at io.appium.java_client.CommandExecutionHelper.execute(CommandExecutionHelper.java:36)
at io.appium.java_client.CommandExecutionHelper.executeScript(CommandExecutionHelper.java:67)
at io.appium.java_client.android.nativekey.PressesKey.pressKey(PressesKey.java:40)
at testScripts.Counter_01.Back(Counter_01.java:82)
at java.base/jdk.internal.reflect.DirectMethodHandleAccessor.invoke(DirectMethodHandleAccessor.java:103)
at java.base/java.lang.reflect.Method.invoke(Method.java:580)
at org.testng.internal.invokers.MethodInvocationHelper.invokeMethod(MethodInvocationHelper.java:141)
at org.testng.internal.invokers.TestInvoker.invokeMethod(TestInvoker.java:686)
at org.testng.internal.invokers.TestInvoker.invokeTestMethod(TestInvoker.java:230)
at org.testng.internal.invokers.MethodRunner.runInSequence(MethodRunner.java:63)
at org.testng.internal.invokers.TestInvoker$MethodInvocationAgent.invoke(TestInvoker.java:992)
at org.testng.internal.invokers.TestInvoker.invokeTestMethods(TestInvoker.java:203)
at org.testng.internal.invokers.TestMethodWorker.invokeTestMethods(TestMethodWorker.java:154)
at org.testng.internal.invokers.TestMethodWorker.run(TestMethodWorker.java:134)
at java.base/java.util.concurrent.Executors$RunnableAdapter.call(Executors.java:572)
at java.base/java.util.concurrent.FutureTask.run(FutureTask.java:317)
at org.testng.internal.thread.graph.TestNGFutureTask.run(TestNGFutureTask.java:22)
at java.base/java.util.concurrent.ThreadPoolExecutor.runWorker(ThreadPoolExecutor.java:1144)
at java.base/java.util.concurrent.ThreadPoolExecutor$Worker.run(ThreadPoolExecutor.java:642)
at java.base/java.lang.Thread.run(Thread.java:1583)
]]>
    </failure>
  </testcase> <!-- Back -->
  <testcase classname="testScripts.WebView" name="verifyWebNavigationFlow" time="0.063"/>
  <testcase classname="testScripts.Language_03" name="Back" time="0.062">
    <failure type="org.openqa.selenium.WebDriverException" message="Could not proxy command to the remote server. Original error: socket hang up
Build info: version: &amp;apos;4.21.0&amp;apos;, revision: &amp;apos;79ed462ef4&amp;apos;
System info: os.name: &amp;apos;Windows 11&amp;apos;, os.arch: &amp;apos;amd64&amp;apos;, os.version: &amp;apos;10.0&amp;apos;, java.version: &amp;apos;21.0.8&amp;apos;
Driver info: io.appium.java_client.android.AndroidDriver
Command: [b012d70e-75d0-4ba8-8903-a4d0093ee473, executeScript {script=mobile: pressKey, args=[{keycode=4}]}]
Capabilities {appium:appActivity: com.expandtesting.practice...., appium:appPackage: com.expandtesting.practice, appium:automationName: UiAutomator2, appium:databaseEnabled: false, appium:desired: {appActivity: com.expandtesting.practice...., appPackage: com.expandtesting.practice, automationName: UiAutomator2, deviceName: vivo 1915, platformName: ANDROID, platformVersion: 12.0, udid: YHB6TOS4Q8W8PF9X}, appium:deviceApiLevel: 31, appium:deviceManufacturer: vivo, appium:deviceModel: vivo 1915, appium:deviceName: YHB6TOS4Q8W8PF9X, appium:deviceScreenDensity: 480, appium:deviceScreenSize: 1080x2340, appium:deviceUDID: YHB6TOS4Q8W8PF9X, appium:javascriptEnabled: true, appium:locationContextEnabled: false, appium:networkConnectionEnabled: true, appium:pixelRatio: 3, appium:platformVersion: 12, appium:statBarHeight: 84, appium:takesScreenshot: true, appium:udid: YHB6TOS4Q8W8PF9X, appium:viewportRect: {height: 2256, left: 0, top: 84, width: 1080}, appium:warnings: {}, appium:webStorageEnabled: false, platformName: ANDROID}
Session ID: b012d70e-75d0-4ba8-8903-a4d0093ee473">
      <![CDATA[org.openqa.selenium.WebDriverException: Could not proxy command to the remote server. Original error: socket hang up
Build info: version: '4.21.0', revision: '79ed462ef4'
System info: os.name: 'Windows 11', os.arch: 'amd64', os.version: '10.0', java.version: '21.0.8'
Driver info: io.appium.java_client.android.AndroidDriver
Command: [b012d70e-75d0-4ba8-8903-a4d0093ee473, executeScript {script=mobile: pressKey, args=[{keycode=4}]}]
Capabilities {appium:appActivity: com.expandtesting.practice...., appium:appPackage: com.expandtesting.practice, appium:automationName: UiAutomator2, appium:databaseEnabled: false, appium:desired: {appActivity: com.expandtesting.practice...., appPackage: com.expandtesting.practice, automationName: UiAutomator2, deviceName: vivo 1915, platformName: ANDROID, platformVersion: 12.0, udid: YHB6TOS4Q8W8PF9X}, appium:deviceApiLevel: 31, appium:deviceManufacturer: vivo, appium:deviceModel: vivo 1915, appium:deviceName: YHB6TOS4Q8W8PF9X, appium:deviceScreenDensity: 480, appium:deviceScreenSize: 1080x2340, appium:deviceUDID: YHB6TOS4Q8W8PF9X, appium:javascriptEnabled: true, appium:locationContextEnabled: false, appium:networkConnectionEnabled: true, appium:pixelRatio: 3, appium:platformVersion: 12, appium:statBarHeight: 84, appium:takesScreenshot: true, appium:udid: YHB6TOS4Q8W8PF9X, appium:viewportRect: {height: 2256, left: 0, top: 84, width: 1080}, appium:warnings: {}, appium:webStorageEnabled: false, platformName: ANDROID}
Session ID: b012d70e-75d0-4ba8-8903-a4d0093ee473
at java.base/jdk.internal.reflect.DirectConstructorHandleAccessor.newInstance(DirectConstructorHandleAccessor.java:62)
at java.base/java.lang.reflect.Constructor.newInstanceWithCaller(Constructor.java:502)
at java.base/java.lang.reflect.Constructor.newInstance(Constructor.java:486)
at org.openqa.selenium.remote.ErrorCodec.decode(ErrorCodec.java:167)
at org.openqa.selenium.remote.codec.w3c.W3CHttpResponseCodec.decode(W3CHttpResponseCodec.java:138)
at org.openqa.selenium.remote.codec.w3c.W3CHttpResponseCodec.decode(W3CHttpResponseCodec.java:50)
at org.openqa.selenium.remote.HttpCommandExecutor.execute(HttpCommandExecutor.java:190)
at io.appium.java_client.remote.AppiumCommandExecutor.execute(AppiumCommandExecutor.java:237)
at org.openqa.selenium.remote.RemoteWebDriver.execute(RemoteWebDriver.java:518)
at org.openqa.selenium.remote.RemoteWebDriver.execute(RemoteWebDriver.java:591)
at io.appium.java_client.AppiumDriver.execute(AppiumDriver.java:302)
at io.appium.java_client.CommandExecutionHelper.execute(CommandExecutionHelper.java:36)
at io.appium.java_client.CommandExecutionHelper.executeScript(CommandExecutionHelper.java:67)
at io.appium.java_client.android.nativekey.PressesKey.pressKey(PressesKey.java:40)
at testScripts.Language_03.Back(Language_03.java:167)
at java.base/jdk.internal.reflect.DirectMethodHandleAccessor.invoke(DirectMethodHandleAccessor.java:103)
at java.base/java.lang.reflect.Method.invoke(Method.java:580)
at org.testng.internal.invokers.MethodInvocationHelper.invokeMethod(MethodInvocationHelper.java:141)
at org.testng.internal.invokers.TestInvoker.invokeMethod(TestInvoker.java:686)
at org.testng.internal.invokers.TestInvoker.invokeTestMethod(TestInvoker.java:230)
at org.testng.internal.invokers.MethodRunner.runInSequence(MethodRunner.java:63)
at org.testng.internal.invokers.TestInvoker$MethodInvocationAgent.invoke(TestInvoker.java:992)
at org.testng.internal.invokers.TestInvoker.invokeTestMethods(TestInvoker.java:203)
at org.testng.internal.invokers.TestMethodWorker.invokeTestMethods(TestMethodWorker.java:154)
at org.testng.internal.invokers.TestMethodWorker.run(TestMethodWorker.java:134)
at java.base/java.util.concurrent.Executors$RunnableAdapter.call(Executors.java:572)
at java.base/java.util.concurrent.FutureTask.run(FutureTask.java:317)
at org.testng.internal.thread.graph.TestNGFutureTask.run(TestNGFutureTask.java:22)
at java.base/java.util.concurrent.ThreadPoolExecutor.runWorker(ThreadPoolExecutor.java:1144)
at java.base/java.util.concurrent.ThreadPoolExecutor$Worker.run(ThreadPoolExecutor.java:642)
at java.base/java.lang.Thread.run(Thread.java:1583)
]]>
    </failure>
  </testcase> <!-- Back -->
  <testcase classname="testScripts.WebView" name="navigateBack" time="0.02"/>
</testsuite> <!-- Functional_Tests -->
